Command line invocation:
    /Applications/Xcode.app/Contents/Developer/usr/bin/xcodebuild -project TeleprompterApp.xcodeproj -scheme TeleprompterApp -destination generic/platform=iOS build CODE_SIGNING_ALLOWED=NO

Build settings from command line:
    CODE_SIGNING_ALLOWED = NO

2026-01-08 23:19:53.433 xcodebuild[7204:58454962] [MT] IDERunDestination: Supported platforms for the buildables in the current scheme is empty.
ComputePackagePrebuildTargetDependencyGraph

Prepare packages

CreateBuildRequest

SendProjectDescription

CreateBuildOperation

ComputeTargetDependencyGraph
note: Building targets in dependency order
note: Target dependency graph (1 target)
    Target 'TeleprompterApp' in project 'TeleprompterApp' (no dependencies)

GatherProvisioningInputs

CreateBuildDescription

ClangStatCache /Applications/Xcode.app/Contents/Developer/Toolchains/XcodeDefault.xctoolchain/usr/bin/clang-stat-cache /Applications/Xcode.app/Contents/Developer/Platforms/iPhoneOS.platform/Developer/SDKs/iPhoneOS26.2.sdk /Users/sulemanimdad/Library/Developer/Xcode/DerivedData/SDKStatCaches.noindex/iphoneos26.2-23C53-3794476bd08197c3e2abd9bb477ef7f7.sdkstatcache
    cd /Users/sulemanimdad/Documents/Developer/theman/Teleprompter\ App/TeleprompterApp.xcodeproj
    /Applications/Xcode.app/Contents/Developer/Toolchains/XcodeDefault.xctoolchain/usr/bin/clang-stat-cache /Applications/Xcode.app/Contents/Developer/Platforms/iPhoneOS.platform/Developer/SDKs/iPhoneOS26.2.sdk -o /Users/sulemanimdad/Library/Developer/Xcode/DerivedData/SDKStatCaches.noindex/iphoneos26.2-23C53-3794476bd08197c3e2abd9bb477ef7f7.sdkstatcache

SwiftDriver TeleprompterApp normal arm64 com.apple.xcode.tools.swift.compiler (in target 'TeleprompterApp' from project 'TeleprompterApp')
    cd /Users/sulemanimdad/Documents/Developer/theman/Teleprompter\ App
    builtin-SwiftDriver -- /Applications/Xcode.app/Contents/Developer/Toolchains/XcodeDefault.xctoolchain/usr/bin/swiftc -module-name TeleprompterApp -Onone -enforce-exclusivity\=checked @/Users/sulemanimdad/Library/Developer/Xcode/DerivedData/TeleprompterApp-curlcjzemddgqzdjliyhfaitqmwx/Build/Intermediates.noindex/TeleprompterApp.build/Debug-iphoneos/TeleprompterApp.build/Objects-normal/arm64/TeleprompterApp.SwiftFileList -DDEBUG -enable-bare-slash-regex -enable-experimental-feature DebugDescriptionMacro -sdk /Applications/Xcode.app/Contents/Developer/Platforms/iPhoneOS.platform/Developer/SDKs/iPhoneOS26.2.sdk -target arm64-apple-ios17.0 -g -module-cache-path /Users/sulemanimdad/Library/Developer/Xcode/DerivedData/ModuleCache.noindex -Xfrontend -serialize-debugging-options -enable-testing -index-store-path /Users/sulemanimdad/Library/Developer/Xcode/DerivedData/TeleprompterApp-curlcjzemddgqzdjliyhfaitqmwx/Index.noindex/DataStore -Xcc -D_LIBCPP_HARDENING_MODE\=_LIBCPP_HARDENING_MODE_DEBUG -swift-version 5 -I /Users/sulemanimdad/Library/Developer/Xcode/DerivedData/TeleprompterApp-curlcjzemddgqzdjliyhfaitqmwx/Build/Products/Debug-iphoneos -F /Users/sulemanimdad/Library/Developer/Xcode/DerivedData/TeleprompterApp-curlcjzemddgqzdjliyhfaitqmwx/Build/Products/Debug-iphoneos -emit-localized-strings -emit-localized-strings-path /Users/sulemanimdad/Library/Developer/Xcode/DerivedData/TeleprompterApp-curlcjzemddgqzdjliyhfaitqmwx/Build/Intermediates.noindex/TeleprompterApp.build/Debug-iphoneos/TeleprompterApp.build/Objects-normal/arm64 -c -j10 -enable-batch-mode -incremental -Xcc -ivfsstatcache -Xcc /Users/sulemanimdad/Library/Developer/Xcode/DerivedData/SDKStatCaches.noindex/iphoneos26.2-23C53-3794476bd08197c3e2abd9bb477ef7f7.sdkstatcache -output-file-map /Users/sulemanimdad/Library/Developer/Xcode/DerivedData/TeleprompterApp-curlcjzemddgqzdjliyhfaitqmwx/Build/Intermediates.noindex/TeleprompterApp.build/Debug-iphoneos/TeleprompterApp.build/Objects-normal/arm64/TeleprompterApp-OutputFileMap.json -use-frontend-parseable-output -save-temps -no-color-diagnostics -explicit-module-build -module-cache-path /Users/sulemanimdad/Library/Developer/Xcode/DerivedData/TeleprompterApp-curlcjzemddgqzdjliyhfaitqmwx/Build/Intermediates.noindex/SwiftExplicitPrecompiledModules -clang-scanner-module-cache-path /Users/sulemanimdad/Library/Developer/Xcode/DerivedData/ModuleCache.noindex -sdk-module-cache-path /Users/sulemanimdad/Library/Developer/Xcode/DerivedData/ModuleCache.noindex -serialize-diagnostics -emit-dependencies -emit-module -emit-module-path /Users/sulemanimdad/Library/Developer/Xcode/DerivedData/TeleprompterApp-curlcjzemddgqzdjliyhfaitqmwx/Build/Intermediates.noindex/TeleprompterApp.build/Debug-iphoneos/TeleprompterApp.build/Objects-normal/arm64/TeleprompterApp.swiftmodule -validate-clang-modules-once -clang-build-session-file /Users/sulemanimdad/Library/Developer/Xcode/DerivedData/ModuleCache.noindex/Session.modulevalidation -Xcc -I/Users/sulemanimdad/Library/Developer/Xcode/DerivedData/TeleprompterApp-curlcjzemddgqzdjliyhfaitqmwx/Build/Intermediates.noindex/TeleprompterApp.build/Debug-iphoneos/TeleprompterApp.build/swift-overrides.hmap -emit-const-values -Xfrontend -const-gather-protocols-file -Xfrontend /Users/sulemanimdad/Library/Developer/Xcode/DerivedData/TeleprompterApp-curlcjzemddgqzdjliyhfaitqmwx/Build/Intermediates.noindex/TeleprompterApp.build/Debug-iphoneos/TeleprompterApp.build/Objects-normal/arm64/TeleprompterApp_const_extract_protocols.json -Xcc -iquote -Xcc /Users/sulemanimdad/Library/Developer/Xcode/DerivedData/TeleprompterApp-curlcjzemddgqzdjliyhfaitqmwx/Build/Intermediates.noindex/TeleprompterApp.build/Debug-iphoneos/TeleprompterApp.build/TeleprompterApp-generated-files.hmap -Xcc -I/Users/sulemanimdad/Library/Developer/Xcode/DerivedData/TeleprompterApp-curlcjzemddgqzdjliyhfaitqmwx/Build/Intermediates.noindex/TeleprompterApp.build/Debug-iphoneos/TeleprompterApp.build/TeleprompterApp-own-target-headers.hmap -Xcc -I/Users/sulemanimdad/Library/Developer/Xcode/DerivedData/TeleprompterApp-curlcjzemddgqzdjliyhfaitqmwx/Build/Intermediates.noindex/TeleprompterApp.build/Debug-iphoneos/TeleprompterApp.build/TeleprompterApp-all-target-headers.hmap -Xcc -iquote -Xcc /Users/sulemanimdad/Library/Developer/Xcode/DerivedData/TeleprompterApp-curlcjzemddgqzdjliyhfaitqmwx/Build/Intermediates.noindex/TeleprompterApp.build/Debug-iphoneos/TeleprompterApp.build/TeleprompterApp-project-headers.hmap -Xcc -I/Users/sulemanimdad/Library/Developer/Xcode/DerivedData/TeleprompterApp-curlcjzemddgqzdjliyhfaitqmwx/Build/Products/Debug-iphoneos/include -Xcc -I/Users/sulemanimdad/Library/Developer/Xcode/DerivedData/TeleprompterApp-curlcjzemddgqzdjliyhfaitqmwx/Build/Intermediates.noindex/TeleprompterApp.build/Debug-iphoneos/TeleprompterApp.build/DerivedSources-normal/arm64 -Xcc -I/Users/sulemanimdad/Library/Developer/Xcode/DerivedData/TeleprompterApp-curlcjzemddgqzdjliyhfaitqmwx/Build/Intermediates.noindex/TeleprompterApp.build/Debug-iphoneos/TeleprompterApp.build/DerivedSources/arm64 -Xcc -I/Users/sulemanimdad/Library/Developer/Xcode/DerivedData/TeleprompterApp-curlcjzemddgqzdjliyhfaitqmwx/Build/Intermediates.noindex/TeleprompterApp.build/Debug-iphoneos/TeleprompterApp.build/DerivedSources -Xcc -DDEBUG\=1 -emit-objc-header -emit-objc-header-path /Users/sulemanimdad/Library/Developer/Xcode/DerivedData/TeleprompterApp-curlcjzemddgqzdjliyhfaitqmwx/Build/Intermediates.noindex/TeleprompterApp.build/Debug-iphoneos/TeleprompterApp.build/Objects-normal/arm64/TeleprompterApp-Swift.h -working-directory /Users/sulemanimdad/Documents/Developer/theman/Teleprompter\ App -experimental-emit-module-separately -disable-cmo

SwiftCompile normal arm64 Compiling\ ScriptListView.swift /Users/sulemanimdad/Documents/Developer/theman/Teleprompter\ App/TeleprompterApp/Views/ScriptEditor/ScriptListView.swift (in target 'TeleprompterApp' from project 'TeleprompterApp')

SwiftCompile normal arm64 /Users/sulemanimdad/Documents/Developer/theman/Teleprompter\ App/TeleprompterApp/Views/ScriptEditor/ScriptListView.swift (in target 'TeleprompterApp' from project 'TeleprompterApp')
    cd /Users/sulemanimdad/Documents/Developer/theman/Teleprompter\ App
    
/Users/sulemanimdad/Documents/Developer/theman/Teleprompter App/TeleprompterApp/Views/ScriptEditor/ScriptListView.swift:56:36: warning: value 'index' was defined but never used; consider replacing with boolean test
                            if let index = storage.scripts.firstIndex(where: { $0.id == script.id }) {
                               ~~~~^~~~~~~~
                                                                                                     != nil

SwiftCompile normal arm64 Compiling\ CinematicCameraService.swift /Users/sulemanimdad/Documents/Developer/theman/Teleprompter\ App/TeleprompterApp/Services/Camera/CinematicCameraService.swift (in target 'TeleprompterApp' from project 'TeleprompterApp')
SwiftCompile normal arm64 /Users/sulemanimdad/Documents/Developer/theman/Teleprompter\ App/TeleprompterApp/Services/Camera/CinematicCameraService.swift (in target 'TeleprompterApp' from project 'TeleprompterApp')
    cd /Users/sulemanimdad/Documents/Developer/theman/Teleprompter\ App
    
/Users/sulemanimdad/Documents/Developer/theman/Teleprompter App/TeleprompterApp/Services/Camera/CinematicCameraService.swift:210:30: warning: call to main actor-isolated instance method 'setupSession()' in a synchronous nonisolated context
                    try self.setupSession()
                             ^
/Users/sulemanimdad/Documents/Developer/theman/Teleprompter App/TeleprompterApp/Services/Camera/CinematicCameraService.swift:219:18: note: calls to instance method 'setupSession()' from outside of its actor context are implicitly asynchronous
    private func setupSession() throws {
                 ^
/Users/sulemanimdad/Documents/Developer/theman/Teleprompter App/TeleprompterApp/Services/Camera/CinematicCameraService.swift:222:130: warning: 'allowBluetooth' was deprecated in iOS 8.0: renamed to 'AVAudioSession.CategoryOptions.allowBluetoothHFP'
            try AVAudioSession.sharedInstance().setCategory(.playAndRecord, mode: .videoRecording, options: [.defaultToSpeaker, .allowBluetooth])
                                                                                                                                 ^
/Users/sulemanimdad/Documents/Developer/theman/Teleprompter App/TeleprompterApp/Services/Camera/CinematicCameraService.swift:222:130: note: use 'AVAudioSession.CategoryOptions.allowBluetoothHFP' instead
            try AVAudioSession.sharedInstance().setCategory(.playAndRecord, mode: .videoRecording, options: [.defaultToSpeaker, .allowBluetooth])
                                                                                                                                 ^~~~~~~~~~~~~~
                                                                                                                                 AVAudioSession.CategoryOptions.allowBluetoothHFP
/Users/sulemanimdad/Documents/Developer/theman/Teleprompter App/TeleprompterApp/Services/Camera/CinematicCameraService.swift:340:35: warning: main actor-isolated property 'captureSession' can not be referenced from a Sendable closure
            guard let self, !self.captureSession.isRunning else { return }
                                  ^
/Users/sulemanimdad/Documents/Developer/theman/Teleprompter App/TeleprompterApp/Services/Camera/CinematicCameraService.swift:105:9: note: property declared here
    let captureSession = AVCaptureSession()
        ^
/Users/sulemanimdad/Documents/Developer/theman/Teleprompter App/TeleprompterApp/Services/Camera/CinematicCameraService.swift:341:18: warning: main actor-isolated property 'captureSession' can not be referenced from a Sendable closure
            self.captureSession.startRunning()
                 ^
/Users/sulemanimdad/Documents/Developer/theman/Teleprompter App/TeleprompterApp/Services/Camera/CinematicCameraService.swift:105:9: note: property declared here
    let captureSession = AVCaptureSession()
        ^
/Users/sulemanimdad/Documents/Developer/theman/Teleprompter App/TeleprompterApp/Services/Camera/CinematicCameraService.swift:351:34: warning: main actor-isolated property 'captureSession' can not be referenced from a Sendable closure
            guard let self, self.captureSession.isRunning else { return }
                                 ^
/Users/sulemanimdad/Documents/Developer/theman/Teleprompter App/TeleprompterApp/Services/Camera/CinematicCameraService.swift:105:9: note: property declared here
    let captureSession = AVCaptureSession()
        ^
/Users/sulemanimdad/Documents/Developer/theman/Teleprompter App/TeleprompterApp/Services/Camera/CinematicCameraService.swift:352:18: warning: main actor-isolated property 'captureSession' can not be referenced from a Sendable closure
            self.captureSession.stopRunning()
                 ^
/Users/sulemanimdad/Documents/Developer/theman/Teleprompter App/TeleprompterApp/Services/Camera/CinematicCameraService.swift:105:9: note: property declared here
    let captureSession = AVCaptureSession()
        ^
/Users/sulemanimdad/Documents/Developer/theman/Teleprompter App/TeleprompterApp/Services/Camera/CinematicCameraService.swift:368:21: warning: capture of 'device' with non-Sendable type 'AVCaptureDevice' in a '@Sendable' closure
                try device.lockForConfiguration()
                    ^
/Applications/Xcode.app/Contents/Developer/Platforms/iPhoneOS.platform/Developer/SDKs/iPhoneOS26.2.sdk/System/Library/Frameworks/AVFoundation.framework/Headers/AVCaptureDevice.h:73:12: note: class 'AVCaptureDevice' does not conform to the 'Sendable' protocol
@interface AVCaptureDevice : NSObject
           ^
/Users/sulemanimdad/Documents/Developer/theman/Teleprompter App/TeleprompterApp/Services/Camera/CinematicCameraService.swift:2:1: warning: add '@preconcurrency' to suppress 'Sendable'-related warnings from module 'AVFoundation'
import AVFoundation
^
@preconcurrency 
/Users/sulemanimdad/Documents/Developer/theman/Teleprompter App/TeleprompterApp/Services/Camera/CinematicCameraService.swift:397:21: warning: capture of 'device' with non-Sendable type 'AVCaptureDevice' in a '@Sendable' closure
                try device.lockForConfiguration()
                    ^
/Applications/Xcode.app/Contents/Developer/Platforms/iPhoneOS.platform/Developer/SDKs/iPhoneOS26.2.sdk/System/Library/Frameworks/AVFoundation.framework/Headers/AVCaptureDevice.h:73:12: note: class 'AVCaptureDevice' does not conform to the 'Sendable' protocol
@interface AVCaptureDevice : NSObject
           ^
/Users/sulemanimdad/Documents/Developer/theman/Teleprompter App/TeleprompterApp/Services/Camera/CinematicCameraService.swift:399:29: warning: main actor-isolated property 'focusMode' can not be referenced from a Sendable closure
                switch self.focusMode {
                            ^
/Users/sulemanimdad/Documents/Developer/theman/Teleprompter App/TeleprompterApp/Services/Camera/CinematicCameraService.swift:25:20: note: property declared here
    @Published var focusMode: FocusMode = .continuousAutoFocus {
                   ^
/Users/sulemanimdad/Documents/Developer/theman/Teleprompter App/TeleprompterApp/Services/Camera/CinematicCameraService.swift:412:66: warning: main actor-isolated property 'focusPosition' can not be referenced from a Sendable closure
                    device.setFocusModeLocked(lensPosition: self.focusPosition)
                                                                 ^
/Users/sulemanimdad/Documents/Developer/theman/Teleprompter App/TeleprompterApp/Services/Camera/CinematicCameraService.swift:28:20: note: property declared here
    @Published var focusPosition: Float = 0.5 {
                   ^
/Users/sulemanimdad/Documents/Developer/theman/Teleprompter App/TeleprompterApp/Services/Camera/CinematicCameraService.swift:427:21: warning: capture of 'device' with non-Sendable type 'AVCaptureDevice' in a '@Sendable' closure
                try device.lockForConfiguration()
                    ^
/Applications/Xcode.app/Contents/Developer/Platforms/iPhoneOS.platform/Developer/SDKs/iPhoneOS26.2.sdk/System/Library/Frameworks/AVFoundation.framework/Headers/AVCaptureDevice.h:73:12: note: class 'AVCaptureDevice' does not conform to the 'Sendable' protocol
@interface AVCaptureDevice : NSObject
           ^
/Users/sulemanimdad/Documents/Developer/theman/Teleprompter App/TeleprompterApp/Services/Camera/CinematicCameraService.swift:428:62: warning: main actor-isolated property 'focusPosition' can not be referenced from a Sendable closure
                device.setFocusModeLocked(lensPosition: self.focusPosition)
                                                             ^
/Users/sulemanimdad/Documents/Developer/theman/Teleprompter App/TeleprompterApp/Services/Camera/CinematicCameraService.swift:28:20: note: property declared here
    @Published var focusPosition: Float = 0.5 {
                   ^
/Users/sulemanimdad/Documents/Developer/theman/Teleprompter App/TeleprompterApp/Services/Camera/CinematicCameraService.swift:443:21: warning: capture of 'device' with non-Sendable type 'AVCaptureDevice' in a '@Sendable' closure
                try device.lockForConfiguration()
                    ^
/Applications/Xcode.app/Contents/Developer/Platforms/iPhoneOS.platform/Developer/SDKs/iPhoneOS26.2.sdk/System/Library/Frameworks/AVFoundation.framework/Headers/AVCaptureDevice.h:73:12: note: class 'AVCaptureDevice' does not conform to the 'Sendable' protocol
@interface AVCaptureDevice : NSObject
           ^
/Users/sulemanimdad/Documents/Developer/theman/Teleprompter App/TeleprompterApp/Services/Camera/CinematicCameraService.swift:445:29: warning: main actor-isolated property 'exposureMode' can not be referenced from a Sendable closure
                switch self.exposureMode {
                            ^
/Users/sulemanimdad/Documents/Developer/theman/Teleprompter App/TeleprompterApp/Services/Camera/CinematicCameraService.swift:35:20: note: property declared here
    @Published var exposureMode: ExposureMode = .continuousAutoExposure {
                   ^
/Users/sulemanimdad/Documents/Developer/theman/Teleprompter App/TeleprompterApp/Services/Camera/CinematicCameraService.swift:458:61: warning: main actor-isolated property 'shutterSpeed' can not be referenced from a Sendable closure
                        let duration = CMTime(seconds: self.shutterSpeed, preferredTimescale: 1000000)
                                                            ^
/Users/sulemanimdad/Documents/Developer/theman/Teleprompter App/TeleprompterApp/Services/Camera/CinematicCameraService.swift:44:20: note: property declared here
    @Published var shutterSpeed: Double = 1.0/60.0 {
                   ^
/Users/sulemanimdad/Documents/Developer/theman/Teleprompter App/TeleprompterApp/Services/Camera/CinematicCameraService.swift:459:84: warning: main actor-isolated property 'iso' can not be referenced from a Sendable closure
                        device.setExposureModeCustom(duration: duration, iso: self.iso)
                                                                                   ^
/Users/sulemanimdad/Documents/Developer/theman/Teleprompter App/TeleprompterApp/Services/Camera/CinematicCameraService.swift:41:20: note: property declared here
    @Published var iso: Float = 100 {
                   ^
/Users/sulemanimdad/Documents/Developer/theman/Teleprompter App/TeleprompterApp/Services/Camera/CinematicCameraService.swift:475:21: warning: capture of 'device' with non-Sendable type 'AVCaptureDevice' in a '@Sendable' closure
                try device.lockForConfiguration()
                    ^
/Applications/Xcode.app/Contents/Developer/Platforms/iPhoneOS.platform/Developer/SDKs/iPhoneOS26.2.sdk/System/Library/Frameworks/AVFoundation.framework/Headers/AVCaptureDevice.h:73:12: note: class 'AVCaptureDevice' does not conform to the 'Sendable' protocol
@interface AVCaptureDevice : NSObject
           ^
/Users/sulemanimdad/Documents/Developer/theman/Teleprompter App/TeleprompterApp/Services/Camera/CinematicCameraService.swift:476:51: warning: main actor-isolated property 'exposureCompensation' can not be referenced from a Sendable closure
                device.setExposureTargetBias(self.exposureCompensation)
                                                  ^
/Users/sulemanimdad/Documents/Developer/theman/Teleprompter App/TeleprompterApp/Services/Camera/CinematicCameraService.swift:38:20: note: property declared here
    @Published var exposureCompensation: Float = 0 {
                   ^
/Users/sulemanimdad/Documents/Developer/theman/Teleprompter App/TeleprompterApp/Services/Camera/CinematicCameraService.swift:490:21: warning: capture of 'device' with non-Sendable type 'AVCaptureDevice' in a '@Sendable' closure
                try device.lockForConfiguration()
                    ^
/Applications/Xcode.app/Contents/Developer/Platforms/iPhoneOS.platform/Developer/SDKs/iPhoneOS26.2.sdk/System/Library/Frameworks/AVFoundation.framework/Headers/AVCaptureDevice.h:73:12: note: class 'AVCaptureDevice' does not conform to the 'Sendable' protocol
@interface AVCaptureDevice : NSObject
           ^
/Users/sulemanimdad/Documents/Developer/theman/Teleprompter App/TeleprompterApp/Services/Camera/CinematicCameraService.swift:491:53: warning: main actor-isolated property 'shutterSpeed' can not be referenced from a Sendable closure
                let duration = CMTime(seconds: self.shutterSpeed, preferredTimescale: 1000000)
                                                    ^
/Users/sulemanimdad/Documents/Developer/theman/Teleprompter App/TeleprompterApp/Services/Camera/CinematicCameraService.swift:44:20: note: property declared here
    @Published var shutterSpeed: Double = 1.0/60.0 {
                   ^
/Users/sulemanimdad/Documents/Developer/theman/Teleprompter App/TeleprompterApp/Services/Camera/CinematicCameraService.swift:492:47: warning: main actor-isolated property 'iso' can not be referenced from a Sendable closure
                let clampedISO = min(max(self.iso, device.activeFormat.minISO), device.activeFormat.maxISO)
                                              ^
/Users/sulemanimdad/Documents/Developer/theman/Teleprompter App/TeleprompterApp/Services/Camera/CinematicCameraService.swift:41:20: note: property declared here
    @Published var iso: Float = 100 {
                   ^
/Users/sulemanimdad/Documents/Developer/theman/Teleprompter App/TeleprompterApp/Services/Camera/CinematicCameraService.swift:508:21: warning: capture of 'device' with non-Sendable type 'AVCaptureDevice' in a '@Sendable' closure
                try device.lockForConfiguration()
                    ^
/Applications/Xcode.app/Contents/Developer/Platforms/iPhoneOS.platform/Developer/SDKs/iPhoneOS26.2.sdk/System/Library/Frameworks/AVFoundation.framework/Headers/AVCaptureDevice.h:73:12: note: class 'AVCaptureDevice' does not conform to the 'Sendable' protocol
@interface AVCaptureDevice : NSObject
           ^
/Users/sulemanimdad/Documents/Developer/theman/Teleprompter App/TeleprompterApp/Services/Camera/CinematicCameraService.swift:510:29: warning: main actor-isolated property 'whiteBalanceMode' can not be referenced from a Sendable closure
                switch self.whiteBalanceMode {
                            ^
/Users/sulemanimdad/Documents/Developer/theman/Teleprompter App/TeleprompterApp/Services/Camera/CinematicCameraService.swift:50:20: note: property declared here
    @Published var whiteBalanceMode: WhiteBalanceMode = .auto {
                   ^
/Users/sulemanimdad/Documents/Developer/theman/Teleprompter App/TeleprompterApp/Services/Camera/CinematicCameraService.swift:518:41: warning: main actor-isolated property 'whiteBalanceMode' can not be referenced from a Sendable closure
                    let tempTint = self.whiteBalanceMode.temperatureAndTint
                                        ^
/Users/sulemanimdad/Documents/Developer/theman/Teleprompter App/TeleprompterApp/Services/Camera/CinematicCameraService.swift:50:20: note: property declared here
    @Published var whiteBalanceMode: WhiteBalanceMode = .auto {
                   ^
/Users/sulemanimdad/Documents/Developer/theman/Teleprompter App/TeleprompterApp/Services/Camera/CinematicCameraService.swift:523:48: warning: call to main actor-isolated instance method 'normalizeGains(_:for:)' in a synchronous nonisolated context
                    let normalizedGains = self.normalizeGains(gains, for: device)
                                               ^
/Users/sulemanimdad/Documents/Developer/theman/Teleprompter App/TeleprompterApp/Services/Camera/CinematicCameraService.swift:553:18: note: calls to instance method 'normalizeGains(_:for:)' from outside of its actor context are implicitly asynchronous
    private func normalizeGains(_ gains: AVCaptureDevice.WhiteBalanceGains, for device: AVCaptureDevice) -> AVCaptureDevice.WhiteBalanceGains {
                 ^
/Users/sulemanimdad/Documents/Developer/theman/Teleprompter App/TeleprompterApp/Services/Camera/CinematicCameraService.swift:539:21: warning: capture of 'device' with non-Sendable type 'AVCaptureDevice' in a '@Sendable' closure
                try device.lockForConfiguration()
                    ^
/Applications/Xcode.app/Contents/Developer/Platforms/iPhoneOS.platform/Developer/SDKs/iPhoneOS26.2.sdk/System/Library/Frameworks/AVFoundation.framework/Headers/AVCaptureDevice.h:73:12: note: class 'AVCaptureDevice' does not conform to the 'Sendable' protocol
@interface AVCaptureDevice : NSObject
           ^
/Users/sulemanimdad/Documents/Developer/theman/Teleprompter App/TeleprompterApp/Services/Camera/CinematicCameraService.swift:541:39: warning: main actor-isolated property 'colorTemperature' can not be referenced from a Sendable closure
                    temperature: self.colorTemperature,
                                      ^
/Users/sulemanimdad/Documents/Developer/theman/Teleprompter App/TeleprompterApp/Services/Camera/CinematicCameraService.swift:53:20: note: property declared here
    @Published var colorTemperature: Float = 5500 {
                   ^
/Users/sulemanimdad/Documents/Developer/theman/Teleprompter App/TeleprompterApp/Services/Camera/CinematicCameraService.swift:542:32: warning: main actor-isolated property 'tint' can not be referenced from a Sendable closure
                    tint: self.tint
                               ^
/Users/sulemanimdad/Documents/Developer/theman/Teleprompter App/TeleprompterApp/Services/Camera/CinematicCameraService.swift:56:20: note: property declared here
    @Published var tint: Float = 0 {
                   ^
/Users/sulemanimdad/Documents/Developer/theman/Teleprompter App/TeleprompterApp/Services/Camera/CinematicCameraService.swift:544:44: warning: call to main actor-isolated instance method 'normalizeGains(_:for:)' in a synchronous nonisolated context
                let normalizedGains = self.normalizeGains(gains, for: device)
                                           ^
/Users/sulemanimdad/Documents/Developer/theman/Teleprompter App/TeleprompterApp/Services/Camera/CinematicCameraService.swift:553:18: note: calls to instance method 'normalizeGains(_:for:)' from outside of its actor context are implicitly asynchronous
    private func normalizeGains(_ gains: AVCaptureDevice.WhiteBalanceGains, for device: AVCaptureDevice) -> AVCaptureDevice.WhiteBalanceGains {
                 ^
/Users/sulemanimdad/Documents/Developer/theman/Teleprompter App/TeleprompterApp/Services/Camera/CinematicCameraService.swift:568:18: warning: main actor-isolated property 'captureSession' can not be referenced from a Sendable closure
            self.captureSession.beginConfiguration()
                 ^
/Users/sulemanimdad/Documents/Developer/theman/Teleprompter App/TeleprompterApp/Services/Camera/CinematicCameraService.swift:105:9: note: property declared here
    let captureSession = AVCaptureSession()
        ^
/Users/sulemanimdad/Documents/Developer/theman/Teleprompter App/TeleprompterApp/Services/Camera/CinematicCameraService.swift:569:21: warning: main actor-isolated property 'captureSession' can not be referenced from a Sendable closure
            if self.captureSession.canSetSessionPreset(self.videoQuality.sessionPreset) {
                    ^
/Users/sulemanimdad/Documents/Developer/theman/Teleprompter App/TeleprompterApp/Services/Camera/CinematicCameraService.swift:105:9: note: property declared here
    let captureSession = AVCaptureSession()
        ^
/Users/sulemanimdad/Documents/Developer/theman/Teleprompter App/TeleprompterApp/Services/Camera/CinematicCameraService.swift:569:61: warning: main actor-isolated property 'videoQuality' can not be referenced from a Sendable closure
            if self.captureSession.canSetSessionPreset(self.videoQuality.sessionPreset) {
                                                            ^
/Users/sulemanimdad/Documents/Developer/theman/Teleprompter App/TeleprompterApp/Services/Camera/CinematicCameraService.swift:94:20: note: property declared here
    @Published var videoQuality: VideoQuality = .medium {
                   ^
/Users/sulemanimdad/Documents/Developer/theman/Teleprompter App/TeleprompterApp/Services/Camera/CinematicCameraService.swift:570:22: warning: main actor-isolated property 'captureSession' can not be mutated from a Sendable closure
                self.captureSession.sessionPreset = self.videoQuality.sessionPreset
                     ^
/Users/sulemanimdad/Documents/Developer/theman/Teleprompter App/TeleprompterApp/Services/Camera/CinematicCameraService.swift:105:9: note: mutation of this property is only permitted within the actor
    let captureSession = AVCaptureSession()
        ^
/Users/sulemanimdad/Documents/Developer/theman/Teleprompter App/TeleprompterApp/Services/Camera/CinematicCameraService.swift:570:58: warning: main actor-isolated property 'videoQuality' can not be referenced from a Sendable closure
                self.captureSession.sessionPreset = self.videoQuality.sessionPreset
                                                         ^
/Users/sulemanimdad/Documents/Developer/theman/Teleprompter App/TeleprompterApp/Services/Camera/CinematicCameraService.swift:94:20: note: property declared here
    @Published var videoQuality: VideoQuality = .medium {
                   ^
/Users/sulemanimdad/Documents/Developer/theman/Teleprompter App/TeleprompterApp/Services/Camera/CinematicCameraService.swift:572:18: warning: main actor-isolated property 'captureSession' can not be referenced from a Sendable closure
            self.captureSession.commitConfiguration()
                 ^
/Users/sulemanimdad/Documents/Developer/theman/Teleprompter App/TeleprompterApp/Services/Camera/CinematicCameraService.swift:105:9: note: property declared here
    let captureSession = AVCaptureSession()
        ^
/Users/sulemanimdad/Documents/Developer/theman/Teleprompter App/TeleprompterApp/Services/Camera/CinematicCameraService.swift:580:51: warning: main actor-isolated property 'videoDataOutput' can not be referenced from a Sendable closure
            guard let self, let connection = self.videoDataOutput?.connection(with: .video) else { return }
                                                  ^
/Users/sulemanimdad/Documents/Developer/theman/Teleprompter App/TeleprompterApp/Services/Camera/CinematicCameraService.swift:113:17: note: property declared here
    private var videoDataOutput: AVCaptureVideoDataOutput?
                ^
/Users/sulemanimdad/Documents/Developer/theman/Teleprompter App/TeleprompterApp/Services/Camera/CinematicCameraService.swift:581:18: warning: call to main actor-isolated instance method 'updateConnectionOrientation(_:to:)' in a synchronous nonisolated context
            self.updateConnectionOrientation(connection, to: orientation)
                 ^
/Users/sulemanimdad/Documents/Developer/theman/Teleprompter App/TeleprompterApp/Services/Camera/CinematicCameraService.swift:585:18: note: calls to instance method 'updateConnectionOrientation(_:to:)' from outside of its actor context are implicitly asynchronous
    private func updateConnectionOrientation(_ connection: AVCaptureConnection, to orientation: UIDeviceOrientation) {
                 ^
/Users/sulemanimdad/Documents/Developer/theman/Teleprompter App/TeleprompterApp/Services/Camera/CinematicCameraService.swift:586:26: warning: 'isVideoOrientationSupported' was deprecated in iOS 17.0: Use -isVideoRotationAngleSupported: instead
        guard connection.isVideoOrientationSupported else { return }
                         ^
/Users/sulemanimdad/Documents/Developer/theman/Teleprompter App/TeleprompterApp/Services/Camera/CinematicCameraService.swift:590:24: warning: 'videoOrientation' was deprecated in iOS 17.0: Use -videoRotationAngle instead
            connection.videoOrientation = .portrait
                       ^
/Users/sulemanimdad/Documents/Developer/theman/Teleprompter App/TeleprompterApp/Services/Camera/CinematicCameraService.swift:592:24: warning: 'videoOrientation' was deprecated in iOS 17.0: Use -videoRotationAngle instead
            connection.videoOrientation = .landscapeRight // Inverted for front camera
                       ^
/Users/sulemanimdad/Documents/Developer/theman/Teleprompter App/TeleprompterApp/Services/Camera/CinematicCameraService.swift:594:24: warning: 'videoOrientation' was deprecated in iOS 17.0: Use -videoRotationAngle instead
            connection.videoOrientation = .landscapeLeft // Inverted for front camera
                       ^
/Users/sulemanimdad/Documents/Developer/theman/Teleprompter App/TeleprompterApp/Services/Camera/CinematicCameraService.swift:596:24: warning: 'videoOrientation' was deprecated in iOS 17.0: Use -videoRotationAngle instead
            connection.videoOrientation = .portraitUpsideDown
                       ^
/Users/sulemanimdad/Documents/Developer/theman/Teleprompter App/TeleprompterApp/Services/Camera/CinematicCameraService.swift:669:23: warning: main actor-isolated property 'movieFileOutput' can not be referenced from a Sendable closure
                self?.movieFileOutput.startRecording(to: outputURL, recordingDelegate: self!)
                      ^
/Users/sulemanimdad/Documents/Developer/theman/Teleprompter App/TeleprompterApp/Services/Camera/CinematicCameraService.swift:108:17: note: property declared here
    private let movieFileOutput = AVCaptureMovieFileOutput()
                ^
/Users/sulemanimdad/Documents/Developer/theman/Teleprompter App/TeleprompterApp/Services/Camera/CinematicCameraService.swift:675:50: warning: main actor-isolated property 'recordingStartTime' can not be referenced from a Sendable closure
            guard let self, let startTime = self.recordingStartTime else { return }
                                                 ^
/Users/sulemanimdad/Documents/Developer/theman/Teleprompter App/TeleprompterApp/Services/Camera/CinematicCameraService.swift:141:17: note: property declared here
    private var recordingStartTime: Date?
                ^
/Users/sulemanimdad/Documents/Developer/theman/Teleprompter App/TeleprompterApp/Services/Camera/CinematicCameraService.swift:835:27: warning: main actor-isolated property 'movieFileOutput' can not be referenced from a Sendable closure
                    self?.movieFileOutput.stopRecording()
                          ^
/Users/sulemanimdad/Documents/Developer/theman/Teleprompter App/TeleprompterApp/Services/Camera/CinematicCameraService.swift:108:17: note: property declared here
    private let movieFileOutput = AVCaptureMovieFileOutput()
                ^

SwiftEmitModule normal arm64 Emitting\ module\ for\ TeleprompterApp (in target 'TeleprompterApp' from project 'TeleprompterApp')

EmitSwiftModule normal arm64 (in target 'TeleprompterApp' from project 'TeleprompterApp')
    cd /Users/sulemanimdad/Documents/Developer/theman/Teleprompter\ App
    

SwiftCompile normal arm64 Compiling\ RecordingView.swift /Users/sulemanimdad/Documents/Developer/theman/Teleprompter\ App/TeleprompterApp/Views/Recording/RecordingView.swift (in target 'TeleprompterApp' from project 'TeleprompterApp')

SwiftCompile normal arm64 /Users/sulemanimdad/Documents/Developer/theman/Teleprompter\ App/TeleprompterApp/Views/Recording/RecordingView.swift (in target 'TeleprompterApp' from project 'TeleprompterApp')
    cd /Users/sulemanimdad/Documents/Developer/theman/Teleprompter\ App
    

SwiftCompile normal arm64 Compiling\ SettingsView.swift /Users/sulemanimdad/Documents/Developer/theman/Teleprompter\ App/TeleprompterApp/Views/Settings/SettingsView.swift (in target 'TeleprompterApp' from project 'TeleprompterApp')

SwiftCompile normal arm64 /Users/sulemanimdad/Documents/Developer/theman/Teleprompter\ App/TeleprompterApp/Views/Settings/SettingsView.swift (in target 'TeleprompterApp' from project 'TeleprompterApp')
    cd /Users/sulemanimdad/Documents/Developer/theman/Teleprompter\ App
    

SwiftCompile normal arm64 Compiling\ CameraControlsOverlay.swift /Users/sulemanimdad/Documents/Developer/theman/Teleprompter\ App/TeleprompterApp/Views/Recording/CameraControlsOverlay.swift (in target 'TeleprompterApp' from project 'TeleprompterApp')
SwiftCompile normal arm64 /Users/sulemanimdad/Documents/Developer/theman/Teleprompter\ App/TeleprompterApp/Views/Recording/CameraControlsOverlay.swift (in target 'TeleprompterApp' from project 'TeleprompterApp')
    cd /Users/sulemanimdad/Documents/Developer/theman/Teleprompter\ App
    

SwiftDriverJobDiscovery normal arm64 Emitting module for TeleprompterApp (in target 'TeleprompterApp' from project 'TeleprompterApp')

SwiftDriver\ Compilation\ Requirements TeleprompterApp normal arm64 com.apple.xcode.tools.swift.compiler (in target 'TeleprompterApp' from project 'TeleprompterApp')
    cd /Users/sulemanimdad/Documents/Developer/theman/Teleprompter\ App
    builtin-Swift-Compilation-Requirements -- /Applications/Xcode.app/Contents/Developer/Toolchains/XcodeDefault.xctoolchain/usr/bin/swiftc -module-name TeleprompterApp -Onone -enforce-exclusivity\=checked @/Users/sulemanimdad/Library/Developer/Xcode/DerivedData/TeleprompterApp-curlcjzemddgqzdjliyhfaitqmwx/Build/Intermediates.noindex/TeleprompterApp.build/Debug-iphoneos/TeleprompterApp.build/Objects-normal/arm64/TeleprompterApp.SwiftFileList -DDEBUG -enable-bare-slash-regex -enable-experimental-feature DebugDescriptionMacro -sdk /Applications/Xcode.app/Contents/Developer/Platforms/iPhoneOS.platform/Developer/SDKs/iPhoneOS26.2.sdk -target arm64-apple-ios17.0 -g -module-cache-path /Users/sulemanimdad/Library/Developer/Xcode/DerivedData/ModuleCache.noindex -Xfrontend -serialize-debugging-options -enable-testing -index-store-path /Users/sulemanimdad/Library/Developer/Xcode/DerivedData/TeleprompterApp-curlcjzemddgqzdjliyhfaitqmwx/Index.noindex/DataStore -Xcc -D_LIBCPP_HARDENING_MODE\=_LIBCPP_HARDENING_MODE_DEBUG -swift-version 5 -I /Users/sulemanimdad/Library/Developer/Xcode/DerivedData/TeleprompterApp-curlcjzemddgqzdjliyhfaitqmwx/Build/Products/Debug-iphoneos -F /Users/sulemanimdad/Library/Developer/Xcode/DerivedData/TeleprompterApp-curlcjzemddgqzdjliyhfaitqmwx/Build/Products/Debug-iphoneos -emit-localized-strings -emit-localized-strings-path /Users/sulemanimdad/Library/Developer/Xcode/DerivedData/TeleprompterApp-curlcjzemddgqzdjliyhfaitqmwx/Build/Intermediates.noindex/TeleprompterApp.build/Debug-iphoneos/TeleprompterApp.build/Objects-normal/arm64 -c -j10 -enable-batch-mode -incremental -Xcc -ivfsstatcache -Xcc /Users/sulemanimdad/Library/Developer/Xcode/DerivedData/SDKStatCaches.noindex/iphoneos26.2-23C53-3794476bd08197c3e2abd9bb477ef7f7.sdkstatcache -output-file-map /Users/sulemanimdad/Library/Developer/Xcode/DerivedData/TeleprompterApp-curlcjzemddgqzdjliyhfaitqmwx/Build/Intermediates.noindex/TeleprompterApp.build/Debug-iphoneos/TeleprompterApp.build/Objects-normal/arm64/TeleprompterApp-OutputFileMap.json -use-frontend-parseable-output -save-temps -no-color-diagnostics -explicit-module-build -module-cache-path /Users/sulemanimdad/Library/Developer/Xcode/DerivedData/TeleprompterApp-curlcjzemddgqzdjliyhfaitqmwx/Build/Intermediates.noindex/SwiftExplicitPrecompiledModules -clang-scanner-module-cache-path /Users/sulemanimdad/Library/Developer/Xcode/DerivedData/ModuleCache.noindex -sdk-module-cache-path /Users/sulemanimdad/Library/Developer/Xcode/DerivedData/ModuleCache.noindex -serialize-diagnostics -emit-dependencies -emit-module -emit-module-path /Users/sulemanimdad/Library/Developer/Xcode/DerivedData/TeleprompterApp-curlcjzemddgqzdjliyhfaitqmwx/Build/Intermediates.noindex/TeleprompterApp.build/Debug-iphoneos/TeleprompterApp.build/Objects-normal/arm64/TeleprompterApp.swiftmodule -validate-clang-modules-once -clang-build-session-file /Users/sulemanimdad/Library/Developer/Xcode/DerivedData/ModuleCache.noindex/Session.modulevalidation -Xcc -I/Users/sulemanimdad/Library/Developer/Xcode/DerivedData/TeleprompterApp-curlcjzemddgqzdjliyhfaitqmwx/Build/Intermediates.noindex/TeleprompterApp.build/Debug-iphoneos/TeleprompterApp.build/swift-overrides.hmap -emit-const-values -Xfrontend -const-gather-protocols-file -Xfrontend /Users/sulemanimdad/Library/Developer/Xcode/DerivedData/TeleprompterApp-curlcjzemddgqzdjliyhfaitqmwx/Build/Intermediates.noindex/TeleprompterApp.build/Debug-iphoneos/TeleprompterApp.build/Objects-normal/arm64/TeleprompterApp_const_extract_protocols.json -Xcc -iquote -Xcc /Users/sulemanimdad/Library/Developer/Xcode/DerivedData/TeleprompterApp-curlcjzemddgqzdjliyhfaitqmwx/Build/Intermediates.noindex/TeleprompterApp.build/Debug-iphoneos/TeleprompterApp.build/TeleprompterApp-generated-files.hmap -Xcc -I/Users/sulemanimdad/Library/Developer/Xcode/DerivedData/TeleprompterApp-curlcjzemddgqzdjliyhfaitqmwx/Build/Intermediates.noindex/TeleprompterApp.build/Debug-iphoneos/TeleprompterApp.build/TeleprompterApp-own-target-headers.hmap -Xcc -I/Users/sulemanimdad/Library/Developer/Xcode/DerivedData/TeleprompterApp-curlcjzemddgqzdjliyhfaitqmwx/Build/Intermediates.noindex/TeleprompterApp.build/Debug-iphoneos/TeleprompterApp.build/TeleprompterApp-all-target-headers.hmap -Xcc -iquote -Xcc /Users/sulemanimdad/Library/Developer/Xcode/DerivedData/TeleprompterApp-curlcjzemddgqzdjliyhfaitqmwx/Build/Intermediates.noindex/TeleprompterApp.build/Debug-iphoneos/TeleprompterApp.build/TeleprompterApp-project-headers.hmap -Xcc -I/Users/sulemanimdad/Library/Developer/Xcode/DerivedData/TeleprompterApp-curlcjzemddgqzdjliyhfaitqmwx/Build/Products/Debug-iphoneos/include -Xcc -I/Users/sulemanimdad/Library/Developer/Xcode/DerivedData/TeleprompterApp-curlcjzemddgqzdjliyhfaitqmwx/Build/Intermediates.noindex/TeleprompterApp.build/Debug-iphoneos/TeleprompterApp.build/DerivedSources-normal/arm64 -Xcc -I/Users/sulemanimdad/Library/Developer/Xcode/DerivedData/TeleprompterApp-curlcjzemddgqzdjliyhfaitqmwx/Build/Intermediates.noindex/TeleprompterApp.build/Debug-iphoneos/TeleprompterApp.build/DerivedSources/arm64 -Xcc -I/Users/sulemanimdad/Library/Developer/Xcode/DerivedData/TeleprompterApp-curlcjzemddgqzdjliyhfaitqmwx/Build/Intermediates.noindex/TeleprompterApp.build/Debug-iphoneos/TeleprompterApp.build/DerivedSources -Xcc -DDEBUG\=1 -emit-objc-header -emit-objc-header-path /Users/sulemanimdad/Library/Developer/Xcode/DerivedData/TeleprompterApp-curlcjzemddgqzdjliyhfaitqmwx/Build/Intermediates.noindex/TeleprompterApp.build/Debug-iphoneos/TeleprompterApp.build/Objects-normal/arm64/TeleprompterApp-Swift.h -working-directory /Users/sulemanimdad/Documents/Developer/theman/Teleprompter\ App -experimental-emit-module-separately -disable-cmo

Copy /Users/sulemanimdad/Library/Developer/Xcode/DerivedData/TeleprompterApp-curlcjzemddgqzdjliyhfaitqmwx/Build/Products/Debug-iphoneos/TeleprompterApp.swiftmodule/arm64-apple-ios.swiftmodule /Users/sulemanimdad/Library/Developer/Xcode/DerivedData/TeleprompterApp-curlcjzemddgqzdjliyhfaitqmwx/Build/Intermediates.noindex/TeleprompterApp.build/Debug-iphoneos/TeleprompterApp.build/Objects-normal/arm64/TeleprompterApp.swiftmodule (in target 'TeleprompterApp' from project 'TeleprompterApp')
    cd /Users/sulemanimdad/Documents/Developer/theman/Teleprompter\ App
    builtin-copy -exclude .DS_Store -exclude CVS -exclude .svn -exclude .git -exclude .hg -resolve-src-symlinks -rename /Users/sulemanimdad/Library/Developer/Xcode/DerivedData/TeleprompterApp-curlcjzemddgqzdjliyhfaitqmwx/Build/Intermediates.noindex/TeleprompterApp.build/Debug-iphoneos/TeleprompterApp.build/Objects-normal/arm64/TeleprompterApp.swiftmodule /Users/sulemanimdad/Library/Developer/Xcode/DerivedData/TeleprompterApp-curlcjzemddgqzdjliyhfaitqmwx/Build/Products/Debug-iphoneos/TeleprompterApp.swiftmodule/arm64-apple-ios.swiftmodule

Copy /Users/sulemanimdad/Library/Developer/Xcode/DerivedData/TeleprompterApp-curlcjzemddgqzdjliyhfaitqmwx/Build/Products/Debug-iphoneos/TeleprompterApp.swiftmodule/Project/arm64-apple-ios.swiftsourceinfo /Users/sulemanimdad/Library/Developer/Xcode/DerivedData/TeleprompterApp-curlcjzemddgqzdjliyhfaitqmwx/Build/Intermediates.noindex/TeleprompterApp.build/Debug-iphoneos/TeleprompterApp.build/Objects-normal/arm64/TeleprompterApp.swiftsourceinfo (in target 'TeleprompterApp' from project 'TeleprompterApp')
    cd /Users/sulemanimdad/Documents/Developer/theman/Teleprompter\ App
    builtin-copy -exclude .DS_Store -exclude CVS -exclude .svn -exclude .git -exclude .hg -resolve-src-symlinks -rename /Users/sulemanimdad/Library/Developer/Xcode/DerivedData/TeleprompterApp-curlcjzemddgqzdjliyhfaitqmwx/Build/Intermediates.noindex/TeleprompterApp.build/Debug-iphoneos/TeleprompterApp.build/Objects-normal/arm64/TeleprompterApp.swiftsourceinfo /Users/sulemanimdad/Library/Developer/Xcode/DerivedData/TeleprompterApp-curlcjzemddgqzdjliyhfaitqmwx/Build/Products/Debug-iphoneos/TeleprompterApp.swiftmodule/Project/arm64-apple-ios.swiftsourceinfo

Copy /Users/sulemanimdad/Library/Developer/Xcode/DerivedData/TeleprompterApp-curlcjzemddgqzdjliyhfaitqmwx/Build/Products/Debug-iphoneos/TeleprompterApp.swiftmodule/arm64-apple-ios.abi.json /Users/sulemanimdad/Library/Developer/Xcode/DerivedData/TeleprompterApp-curlcjzemddgqzdjliyhfaitqmwx/Build/Intermediates.noindex/TeleprompterApp.build/Debug-iphoneos/TeleprompterApp.build/Objects-normal/arm64/TeleprompterApp.abi.json (in target 'TeleprompterApp' from project 'TeleprompterApp')
    cd /Users/sulemanimdad/Documents/Developer/theman/Teleprompter\ App
    builtin-copy -exclude .DS_Store -exclude CVS -exclude .svn -exclude .git -exclude .hg -resolve-src-symlinks -rename /Users/sulemanimdad/Library/Developer/Xcode/DerivedData/TeleprompterApp-curlcjzemddgqzdjliyhfaitqmwx/Build/Intermediates.noindex/TeleprompterApp.build/Debug-iphoneos/TeleprompterApp.build/Objects-normal/arm64/TeleprompterApp.abi.json /Users/sulemanimdad/Library/Developer/Xcode/DerivedData/TeleprompterApp-curlcjzemddgqzdjliyhfaitqmwx/Build/Products/Debug-iphoneos/TeleprompterApp.swiftmodule/arm64-apple-ios.abi.json

SwiftDriverJobDiscovery normal arm64 Compiling ScriptListView.swift (in target 'TeleprompterApp' from project 'TeleprompterApp')

SwiftCompile normal arm64 Compiling\ CameraPreviewView.swift /Users/sulemanimdad/Documents/Developer/theman/Teleprompter\ App/TeleprompterApp/Views/Recording/CameraPreviewView.swift (in target 'TeleprompterApp' from project 'TeleprompterApp')

SwiftCompile normal arm64 /Users/sulemanimdad/Documents/Developer/theman/Teleprompter\ App/TeleprompterApp/Views/Recording/CameraPreviewView.swift (in target 'TeleprompterApp' from project 'TeleprompterApp')
    cd /Users/sulemanimdad/Documents/Developer/theman/Teleprompter\ App
    
/Users/sulemanimdad/Documents/Developer/theman/Teleprompter App/TeleprompterApp/Views/Recording/CameraPreviewView.swift:75:68: warning: 'isVideoOrientationSupported' was deprecated in iOS 17.0: Use -isVideoRotationAngleSupported: instead
        guard let connection = previewLayer.connection, connection.isVideoOrientationSupported else { return }
                                                                   ^
/Users/sulemanimdad/Documents/Developer/theman/Teleprompter App/TeleprompterApp/Views/Recording/CameraPreviewView.swift:80:24: warning: 'videoOrientation' was deprecated in iOS 17.0: Use -videoRotationAngle instead
            connection.videoOrientation = .portrait
                       ^
/Users/sulemanimdad/Documents/Developer/theman/Teleprompter App/TeleprompterApp/Views/Recording/CameraPreviewView.swift:82:24: warning: 'videoOrientation' was deprecated in iOS 17.0: Use -videoRotationAngle instead
            connection.videoOrientation = .landscapeRight // Inverted for front camera
                       ^
/Users/sulemanimdad/Documents/Developer/theman/Teleprompter App/TeleprompterApp/Views/Recording/CameraPreviewView.swift:84:24: warning: 'videoOrientation' was deprecated in iOS 17.0: Use -videoRotationAngle instead
            connection.videoOrientation = .landscapeLeft // Inverted for front camera
                       ^
/Users/sulemanimdad/Documents/Developer/theman/Teleprompter App/TeleprompterApp/Views/Recording/CameraPreviewView.swift:86:24: warning: 'videoOrientation' was deprecated in iOS 17.0: Use -videoRotationAngle instead
            connection.videoOrientation = .portraitUpsideDown
                       ^

SwiftCompile normal arm64 Compiling\ FocusIndicatorView.swift /Users/sulemanimdad/Documents/Developer/theman/Teleprompter\ App/TeleprompterApp/Views/Recording/FocusIndicatorView.swift (in target 'TeleprompterApp' from project 'TeleprompterApp')

SwiftCompile normal arm64 /Users/sulemanimdad/Documents/Developer/theman/Teleprompter\ App/TeleprompterApp/Views/Recording/FocusIndicatorView.swift (in target 'TeleprompterApp' from project 'TeleprompterApp')
    cd /Users/sulemanimdad/Documents/Developer/theman/Teleprompter\ App
    

SwiftCompile normal arm64 Compiling\ ContentView.swift /Users/sulemanimdad/Documents/Developer/theman/Teleprompter\ App/TeleprompterApp/App/ContentView.swift (in target 'TeleprompterApp' from project 'TeleprompterApp')

SwiftCompile normal arm64 /Users/sulemanimdad/Documents/Developer/theman/Teleprompter\ App/TeleprompterApp/App/ContentView.swift (in target 'TeleprompterApp' from project 'TeleprompterApp')
    cd /Users/sulemanimdad/Documents/Developer/theman/Teleprompter\ App
    

SwiftCompile normal arm64 Compiling\ RecordingControlsView.swift /Users/sulemanimdad/Documents/Developer/theman/Teleprompter\ App/TeleprompterApp/Views/Recording/RecordingControlsView.swift (in target 'TeleprompterApp' from project 'TeleprompterApp')
SwiftCompile normal arm64 /Users/sulemanimdad/Documents/Developer/theman/Teleprompter\ App/TeleprompterApp/Views/Recording/RecordingControlsView.swift (in target 'TeleprompterApp' from project 'TeleprompterApp')
    cd /Users/sulemanimdad/Documents/Developer/theman/Teleprompter\ App
    

SwiftCompile normal arm64 Compiling\ TeleprompterOverlay.swift /Users/sulemanimdad/Documents/Developer/theman/Teleprompter\ App/TeleprompterApp/Views/Recording/TeleprompterOverlay.swift (in target 'TeleprompterApp' from project 'TeleprompterApp')

SwiftCompile normal arm64 /Users/sulemanimdad/Documents/Developer/theman/Teleprompter\ App/TeleprompterApp/Views/Recording/TeleprompterOverlay.swift (in target 'TeleprompterApp' from project 'TeleprompterApp')
    cd /Users/sulemanimdad/Documents/Developer/theman/Teleprompter\ App
    
/Users/sulemanimdad/Documents/Developer/theman/Teleprompter App/TeleprompterApp/Views/Recording/TeleprompterOverlay.swift:21:17: warning: initialization of immutable value 'activeZoneHeight' was never used; consider replacing with assignment to '_' or removing it
            let activeZoneHeight = geometry.size.height * activeZoneRatio
            ~~~~^~~~~~~~~~~~~~~~
            _

SwiftCompile normal arm64 Compiling\ ScriptEditorView.swift /Users/sulemanimdad/Documents/Developer/theman/Teleprompter\ App/TeleprompterApp/Views/ScriptEditor/ScriptEditorView.swift (in target 'TeleprompterApp' from project 'TeleprompterApp')

SwiftCompile normal arm64 /Users/sulemanimdad/Documents/Developer/theman/Teleprompter\ App/TeleprompterApp/Views/ScriptEditor/ScriptEditorView.swift (in target 'TeleprompterApp' from project 'TeleprompterApp')
    cd /Users/sulemanimdad/Documents/Developer/theman/Teleprompter\ App
    

SwiftCompile normal arm64 Compiling\ MetalPreviewView.swift /Users/sulemanimdad/Documents/Developer/theman/Teleprompter\ App/TeleprompterApp/Views/Recording/MetalPreviewView.swift (in target 'TeleprompterApp' from project 'TeleprompterApp')

SwiftCompile normal arm64 /Users/sulemanimdad/Documents/Developer/theman/Teleprompter\ App/TeleprompterApp/Views/Recording/MetalPreviewView.swift (in target 'TeleprompterApp' from project 'TeleprompterApp')
    cd /Users/sulemanimdad/Documents/Developer/theman/Teleprompter\ App
    
/Users/sulemanimdad/Documents/Developer/theman/Teleprompter App/TeleprompterApp/Views/Recording/MetalPreviewView.swift:50:23: warning: variable 'image' was never mutated; consider changing to 'let' constant
            guard var image = ciImage,
                  ~~~ ^
                  let
/Users/sulemanimdad/Documents/Developer/theman/Teleprompter App/TeleprompterApp/Views/Recording/MetalPreviewView.swift:71:17: warning: variable 'scaledImage' was never mutated; consider changing to 'let' constant
            var scaledImage = image.transformed(by: CGAffineTransform(scaleX: scale, y: scale))
            ~~~ ^
            let

SwiftDriverJobDiscovery normal arm64 Compiling SettingsView.swift (in target 'TeleprompterApp' from project 'TeleprompterApp')

SwiftDriverJobDiscovery normal arm64 Compiling ContentView.swift (in target 'TeleprompterApp' from project 'TeleprompterApp')

SwiftDriverJobDiscovery normal arm64 Compiling FocusIndicatorView.swift (in target 'TeleprompterApp' from project 'TeleprompterApp')

SwiftDriverJobDiscovery normal arm64 Compiling CameraPreviewView.swift (in target 'TeleprompterApp' from project 'TeleprompterApp')

SwiftDriverJobDiscovery normal arm64 Compiling MetalPreviewView.swift (in target 'TeleprompterApp' from project 'TeleprompterApp')

SwiftDriverJobDiscovery normal arm64 Compiling TeleprompterOverlay.swift (in target 'TeleprompterApp' from project 'TeleprompterApp')

SwiftDriverJobDiscovery normal arm64 Compiling ScriptEditorView.swift (in target 'TeleprompterApp' from project 'TeleprompterApp')

SwiftDriverJobDiscovery normal arm64 Compiling RecordingView.swift (in target 'TeleprompterApp' from project 'TeleprompterApp')

SwiftDriverJobDiscovery normal arm64 Compiling CinematicCameraService.swift (in target 'TeleprompterApp' from project 'TeleprompterApp')

SwiftDriverJobDiscovery normal arm64 Compiling CameraControlsOverlay.swift (in target 'TeleprompterApp' from project 'TeleprompterApp')

SwiftDriverJobDiscovery normal arm64 Compiling RecordingControlsView.swift (in target 'TeleprompterApp' from project 'TeleprompterApp')

SwiftDriver\ Compilation TeleprompterApp normal arm64 com.apple.xcode.tools.swift.compiler (in target 'TeleprompterApp' from project 'TeleprompterApp')
    cd /Users/sulemanimdad/Documents/Developer/theman/Teleprompter\ App
    builtin-Swift-Compilation -- /Applications/Xcode.app/Contents/Developer/Toolchains/XcodeDefault.xctoolchain/usr/bin/swiftc -module-name TeleprompterApp -Onone -enforce-exclusivity\=checked @/Users/sulemanimdad/Library/Developer/Xcode/DerivedData/TeleprompterApp-curlcjzemddgqzdjliyhfaitqmwx/Build/Intermediates.noindex/TeleprompterApp.build/Debug-iphoneos/TeleprompterApp.build/Objects-normal/arm64/TeleprompterApp.SwiftFileList -DDEBUG -enable-bare-slash-regex -enable-experimental-feature DebugDescriptionMacro -sdk /Applications/Xcode.app/Contents/Developer/Platforms/iPhoneOS.platform/Developer/SDKs/iPhoneOS26.2.sdk -target arm64-apple-ios17.0 -g -module-cache-path /Users/sulemanimdad/Library/Developer/Xcode/DerivedData/ModuleCache.noindex -Xfrontend -serialize-debugging-options -enable-testing -index-store-path /Users/sulemanimdad/Library/Developer/Xcode/DerivedData/TeleprompterApp-curlcjzemddgqzdjliyhfaitqmwx/Index.noindex/DataStore -Xcc -D_LIBCPP_HARDENING_MODE\=_LIBCPP_HARDENING_MODE_DEBUG -swift-version 5 -I /Users/sulemanimdad/Library/Developer/Xcode/DerivedData/TeleprompterApp-curlcjzemddgqzdjliyhfaitqmwx/Build/Products/Debug-iphoneos -F /Users/sulemanimdad/Library/Developer/Xcode/DerivedData/TeleprompterApp-curlcjzemddgqzdjliyhfaitqmwx/Build/Products/Debug-iphoneos -emit-localized-strings -emit-localized-strings-path /Users/sulemanimdad/Library/Developer/Xcode/DerivedData/TeleprompterApp-curlcjzemddgqzdjliyhfaitqmwx/Build/Intermediates.noindex/TeleprompterApp.build/Debug-iphoneos/TeleprompterApp.build/Objects-normal/arm64 -c -j10 -enable-batch-mode -incremental -Xcc -ivfsstatcache -Xcc /Users/sulemanimdad/Library/Developer/Xcode/DerivedData/SDKStatCaches.noindex/iphoneos26.2-23C53-3794476bd08197c3e2abd9bb477ef7f7.sdkstatcache -output-file-map /Users/sulemanimdad/Library/Developer/Xcode/DerivedData/TeleprompterApp-curlcjzemddgqzdjliyhfaitqmwx/Build/Intermediates.noindex/TeleprompterApp.build/Debug-iphoneos/TeleprompterApp.build/Objects-normal/arm64/TeleprompterApp-OutputFileMap.json -use-frontend-parseable-output -save-temps -no-color-diagnostics -explicit-module-build -module-cache-path /Users/sulemanimdad/Library/Developer/Xcode/DerivedData/TeleprompterApp-curlcjzemddgqzdjliyhfaitqmwx/Build/Intermediates.noindex/SwiftExplicitPrecompiledModules -clang-scanner-module-cache-path /Users/sulemanimdad/Library/Developer/Xcode/DerivedData/ModuleCache.noindex -sdk-module-cache-path /Users/sulemanimdad/Library/Developer/Xcode/DerivedData/ModuleCache.noindex -serialize-diagnostics -emit-dependencies -emit-module -emit-module-path /Users/sulemanimdad/Library/Developer/Xcode/DerivedData/TeleprompterApp-curlcjzemddgqzdjliyhfaitqmwx/Build/Intermediates.noindex/TeleprompterApp.build/Debug-iphoneos/TeleprompterApp.build/Objects-normal/arm64/TeleprompterApp.swiftmodule -validate-clang-modules-once -clang-build-session-file /Users/sulemanimdad/Library/Developer/Xcode/DerivedData/ModuleCache.noindex/Session.modulevalidation -Xcc -I/Users/sulemanimdad/Library/Developer/Xcode/DerivedData/TeleprompterApp-curlcjzemddgqzdjliyhfaitqmwx/Build/Intermediates.noindex/TeleprompterApp.build/Debug-iphoneos/TeleprompterApp.build/swift-overrides.hmap -emit-const-values -Xfrontend -const-gather-protocols-file -Xfrontend /Users/sulemanimdad/Library/Developer/Xcode/DerivedData/TeleprompterApp-curlcjzemddgqzdjliyhfaitqmwx/Build/Intermediates.noindex/TeleprompterApp.build/Debug-iphoneos/TeleprompterApp.build/Objects-normal/arm64/TeleprompterApp_const_extract_protocols.json -Xcc -iquote -Xcc /Users/sulemanimdad/Library/Developer/Xcode/DerivedData/TeleprompterApp-curlcjzemddgqzdjliyhfaitqmwx/Build/Intermediates.noindex/TeleprompterApp.build/Debug-iphoneos/TeleprompterApp.build/TeleprompterApp-generated-files.hmap -Xcc -I/Users/sulemanimdad/Library/Developer/Xcode/DerivedData/TeleprompterApp-curlcjzemddgqzdjliyhfaitqmwx/Build/Intermediates.noindex/TeleprompterApp.build/Debug-iphoneos/TeleprompterApp.build/TeleprompterApp-own-target-headers.hmap -Xcc -I/Users/sulemanimdad/Library/Developer/Xcode/DerivedData/TeleprompterApp-curlcjzemddgqzdjliyhfaitqmwx/Build/Intermediates.noindex/TeleprompterApp.build/Debug-iphoneos/TeleprompterApp.build/TeleprompterApp-all-target-headers.hmap -Xcc -iquote -Xcc /Users/sulemanimdad/Library/Developer/Xcode/DerivedData/TeleprompterApp-curlcjzemddgqzdjliyhfaitqmwx/Build/Intermediates.noindex/TeleprompterApp.build/Debug-iphoneos/TeleprompterApp.build/TeleprompterApp-project-headers.hmap -Xcc -I/Users/sulemanimdad/Library/Developer/Xcode/DerivedData/TeleprompterApp-curlcjzemddgqzdjliyhfaitqmwx/Build/Products/Debug-iphoneos/include -Xcc -I/Users/sulemanimdad/Library/Developer/Xcode/DerivedData/TeleprompterApp-curlcjzemddgqzdjliyhfaitqmwx/Build/Intermediates.noindex/TeleprompterApp.build/Debug-iphoneos/TeleprompterApp.build/DerivedSources-normal/arm64 -Xcc -I/Users/sulemanimdad/Library/Developer/Xcode/DerivedData/TeleprompterApp-curlcjzemddgqzdjliyhfaitqmwx/Build/Intermediates.noindex/TeleprompterApp.build/Debug-iphoneos/TeleprompterApp.build/DerivedSources/arm64 -Xcc -I/Users/sulemanimdad/Library/Developer/Xcode/DerivedData/TeleprompterApp-curlcjzemddgqzdjliyhfaitqmwx/Build/Intermediates.noindex/TeleprompterApp.build/Debug-iphoneos/TeleprompterApp.build/DerivedSources -Xcc -DDEBUG\=1 -emit-objc-header -emit-objc-header-path /Users/sulemanimdad/Library/Developer/Xcode/DerivedData/TeleprompterApp-curlcjzemddgqzdjliyhfaitqmwx/Build/Intermediates.noindex/TeleprompterApp.build/Debug-iphoneos/TeleprompterApp.build/Objects-normal/arm64/TeleprompterApp-Swift.h -working-directory /Users/sulemanimdad/Documents/Developer/theman/Teleprompter\ App -experimental-emit-module-separately -disable-cmo

Ld /Users/sulemanimdad/Library/Developer/Xcode/DerivedData/TeleprompterApp-curlcjzemddgqzdjliyhfaitqmwx/Build/Products/Debug-iphoneos/TeleprompterApp.app/TeleprompterApp.debug.dylib normal (in target 'TeleprompterApp' from project 'TeleprompterApp')
    cd /Users/sulemanimdad/Documents/Developer/theman/Teleprompter\ App
    /Applications/Xcode.app/Contents/Developer/Toolchains/XcodeDefault.xctoolchain/usr/bin/clang -Xlinker -reproducible -target arm64-apple-ios17.0 -dynamiclib -isysroot /Applications/Xcode.app/Contents/Developer/Platforms/iPhoneOS.platform/Developer/SDKs/iPhoneOS26.2.sdk -O0 -L/Users/sulemanimdad/Library/Developer/Xcode/DerivedData/TeleprompterApp-curlcjzemddgqzdjliyhfaitqmwx/Build/Intermediates.noindex/EagerLinkingTBDs/Debug-iphoneos -L/Users/sulemanimdad/Library/Developer/Xcode/DerivedData/TeleprompterApp-curlcjzemddgqzdjliyhfaitqmwx/Build/Products/Debug-iphoneos -F/Users/sulemanimdad/Library/Developer/Xcode/DerivedData/TeleprompterApp-curlcjzemddgqzdjliyhfaitqmwx/Build/Intermediates.noindex/EagerLinkingTBDs/Debug-iphoneos -F/Users/sulemanimdad/Library/Developer/Xcode/DerivedData/TeleprompterApp-curlcjzemddgqzdjliyhfaitqmwx/Build/Products/Debug-iphoneos -filelist /Users/sulemanimdad/Library/Developer/Xcode/DerivedData/TeleprompterApp-curlcjzemddgqzdjliyhfaitqmwx/Build/Intermediates.noindex/TeleprompterApp.build/Debug-iphoneos/TeleprompterApp.build/Objects-normal/arm64/TeleprompterApp.LinkFileList -install_name @rpath/TeleprompterApp.debug.dylib -Xlinker -rpath -Xlinker /usr/lib/swift -Xlinker -rpath -Xlinker @executable_path/Frameworks -dead_strip -Xlinker -object_path_lto -Xlinker /Users/sulemanimdad/Library/Developer/Xcode/DerivedData/TeleprompterApp-curlcjzemddgqzdjliyhfaitqmwx/Build/Intermediates.noindex/TeleprompterApp.build/Debug-iphoneos/TeleprompterApp.build/Objects-normal/arm64/TeleprompterApp_lto.o -rdynamic -Xlinker -no_deduplicate -Xlinker -dependency_info -Xlinker /Users/sulemanimdad/Library/Developer/Xcode/DerivedData/TeleprompterApp-curlcjzemddgqzdjliyhfaitqmwx/Build/Intermediates.noindex/TeleprompterApp.build/Debug-iphoneos/TeleprompterApp.build/Objects-normal/arm64/TeleprompterApp_dependency_info.dat -fobjc-link-runtime -L/Applications/Xcode.app/Contents/Developer/Toolchains/XcodeDefault.xctoolchain/usr/lib/swift/iphoneos -L/usr/lib/swift -Xlinker -add_ast_path -Xlinker /Users/sulemanimdad/Library/Developer/Xcode/DerivedData/TeleprompterApp-curlcjzemddgqzdjliyhfaitqmwx/Build/Intermediates.noindex/TeleprompterApp.build/Debug-iphoneos/TeleprompterApp.build/Objects-normal/arm64/TeleprompterApp.swiftmodule @/Users/sulemanimdad/Library/Developer/Xcode/DerivedData/TeleprompterApp-curlcjzemddgqzdjliyhfaitqmwx/Build/Intermediates.noindex/TeleprompterApp.build/Debug-iphoneos/TeleprompterApp.build/Objects-normal/arm64/TeleprompterApp-linker-args.resp -Xlinker -alias -Xlinker _main -Xlinker ___debug_main_executable_dylib_entry_point -o /Users/sulemanimdad/Library/Developer/Xcode/DerivedData/TeleprompterApp-curlcjzemddgqzdjliyhfaitqmwx/Build/Products/Debug-iphoneos/TeleprompterApp.app/TeleprompterApp.debug.dylib

ConstructStubExecutorLinkFileList /Users/sulemanimdad/Library/Developer/Xcode/DerivedData/TeleprompterApp-curlcjzemddgqzdjliyhfaitqmwx/Build/Intermediates.noindex/TeleprompterApp.build/Debug-iphoneos/TeleprompterApp.build/TeleprompterApp-ExecutorLinkFileList-normal-arm64.txt (in target 'TeleprompterApp' from project 'TeleprompterApp')
    cd /Users/sulemanimdad/Documents/Developer/theman/Teleprompter\ App
    construct-stub-executor-link-file-list /Users/sulemanimdad/Library/Developer/Xcode/DerivedData/TeleprompterApp-curlcjzemddgqzdjliyhfaitqmwx/Build/Products/Debug-iphoneos/TeleprompterApp.app/TeleprompterApp.debug.dylib /Applications/Xcode.app/Contents/Developer/Platforms/iPhoneOS.platform/Developer/usr/lib/libPreviewsJITStubExecutor_no_swift_entry_point.a /Applications/Xcode.app/Contents/Developer/Platforms/iPhoneOS.platform/Developer/usr/lib/libPreviewsJITStubExecutor.a --output /Users/sulemanimdad/Library/Developer/Xcode/DerivedData/TeleprompterApp-curlcjzemddgqzdjliyhfaitqmwx/Build/Intermediates.noindex/TeleprompterApp.build/Debug-iphoneos/TeleprompterApp.build/TeleprompterApp-ExecutorLinkFileList-normal-arm64.txt
note: Using stub executor library with Swift entry point. (in target 'TeleprompterApp' from project 'TeleprompterApp')

Ld /Users/sulemanimdad/Library/Developer/Xcode/DerivedData/TeleprompterApp-curlcjzemddgqzdjliyhfaitqmwx/Build/Products/Debug-iphoneos/TeleprompterApp.app/TeleprompterApp normal (in target 'TeleprompterApp' from project 'TeleprompterApp')
    cd /Users/sulemanimdad/Documents/Developer/theman/Teleprompter\ App
    /Applications/Xcode.app/Contents/Developer/Toolchains/XcodeDefault.xctoolchain/usr/bin/clang -Xlinker -reproducible -target arm64-apple-ios17.0 -isysroot /Applications/Xcode.app/Contents/Developer/Platforms/iPhoneOS.platform/Developer/SDKs/iPhoneOS26.2.sdk -O0 -L/Users/sulemanimdad/Library/Developer/Xcode/DerivedData/TeleprompterApp-curlcjzemddgqzdjliyhfaitqmwx/Build/Products/Debug-iphoneos -F/Users/sulemanimdad/Library/Developer/Xcode/DerivedData/TeleprompterApp-curlcjzemddgqzdjliyhfaitqmwx/Build/Products/Debug-iphoneos -Xlinker -rpath -Xlinker @executable_path -Xlinker -rpath -Xlinker @executable_path/Frameworks -rdynamic -Xlinker -no_deduplicate -e ___debug_blank_executor_main -Xlinker -sectcreate -Xlinker __TEXT -Xlinker __debug_dylib -Xlinker /Users/sulemanimdad/Library/Developer/Xcode/DerivedData/TeleprompterApp-curlcjzemddgqzdjliyhfaitqmwx/Build/Intermediates.noindex/TeleprompterApp.build/Debug-iphoneos/TeleprompterApp.build/TeleprompterApp-DebugDylibPath-normal-arm64.txt -Xlinker -sectcreate -Xlinker __TEXT -Xlinker __debug_instlnm -Xlinker /Users/sulemanimdad/Library/Developer/Xcode/DerivedData/TeleprompterApp-curlcjzemddgqzdjliyhfaitqmwx/Build/Intermediates.noindex/TeleprompterApp.build/Debug-iphoneos/TeleprompterApp.build/TeleprompterApp-DebugDylibInstallName-normal-arm64.txt -Xlinker -filelist -Xlinker /Users/sulemanimdad/Library/Developer/Xcode/DerivedData/TeleprompterApp-curlcjzemddgqzdjliyhfaitqmwx/Build/Intermediates.noindex/TeleprompterApp.build/Debug-iphoneos/TeleprompterApp.build/TeleprompterApp-ExecutorLinkFileList-normal-arm64.txt /Users/sulemanimdad/Library/Developer/Xcode/DerivedData/TeleprompterApp-curlcjzemddgqzdjliyhfaitqmwx/Build/Products/Debug-iphoneos/TeleprompterApp.app/TeleprompterApp.debug.dylib -o /Users/sulemanimdad/Library/Developer/Xcode/DerivedData/TeleprompterApp-curlcjzemddgqzdjliyhfaitqmwx/Build/Products/Debug-iphoneos/TeleprompterApp.app/TeleprompterApp

CopySwiftLibs /Users/sulemanimdad/Library/Developer/Xcode/DerivedData/TeleprompterApp-curlcjzemddgqzdjliyhfaitqmwx/Build/Products/Debug-iphoneos/TeleprompterApp.app (in target 'TeleprompterApp' from project 'TeleprompterApp')
    cd /Users/sulemanimdad/Documents/Developer/theman/Teleprompter\ App
    builtin-swiftStdLibTool --copy --verbose --scan-executable /Users/sulemanimdad/Library/Developer/Xcode/DerivedData/TeleprompterApp-curlcjzemddgqzdjliyhfaitqmwx/Build/Products/Debug-iphoneos/TeleprompterApp.app/TeleprompterApp.debug.dylib --scan-folder /Users/sulemanimdad/Library/Developer/Xcode/DerivedData/TeleprompterApp-curlcjzemddgqzdjliyhfaitqmwx/Build/Products/Debug-iphoneos/TeleprompterApp.app/Frameworks --scan-folder /Users/sulemanimdad/Library/Developer/Xcode/DerivedData/TeleprompterApp-curlcjzemddgqzdjliyhfaitqmwx/Build/Products/Debug-iphoneos/TeleprompterApp.app/PlugIns --scan-folder /Users/sulemanimdad/Library/Developer/Xcode/DerivedData/TeleprompterApp-curlcjzemddgqzdjliyhfaitqmwx/Build/Products/Debug-iphoneos/TeleprompterApp.app/SystemExtensions --scan-folder /Users/sulemanimdad/Library/Developer/Xcode/DerivedData/TeleprompterApp-curlcjzemddgqzdjliyhfaitqmwx/Build/Products/Debug-iphoneos/TeleprompterApp.app/Extensions --platform iphoneos --toolchain /Applications/Xcode.app/Contents/Developer/Toolchains/XcodeDefault.xctoolchain --destination /Users/sulemanimdad/Library/Developer/Xcode/DerivedData/TeleprompterApp-curlcjzemddgqzdjliyhfaitqmwx/Build/Products/Debug-iphoneos/TeleprompterApp.app/Frameworks --strip-bitcode --strip-bitcode-tool /Applications/Xcode.app/Contents/Developer/Toolchains/XcodeDefault.xctoolchain/usr/bin/bitcode_strip --emit-dependency-info /Users/sulemanimdad/Library/Developer/Xcode/DerivedData/TeleprompterApp-curlcjzemddgqzdjliyhfaitqmwx/Build/Intermediates.noindex/TeleprompterApp.build/Debug-iphoneos/TeleprompterApp.build/SwiftStdLibToolInputDependencies.dep --filter-for-swift-os --back-deploy-swift-span
Ignoring --strip-bitcode because --sign was not passed

ExtractAppIntentsMetadata (in target 'TeleprompterApp' from project 'TeleprompterApp')
    cd /Users/sulemanimdad/Documents/Developer/theman/Teleprompter\ App
    /Applications/Xcode.app/Contents/Developer/Toolchains/XcodeDefault.xctoolchain/usr/bin/appintentsmetadataprocessor --toolchain-dir /Applications/Xcode.app/Contents/Developer/Toolchains/XcodeDefault.xctoolchain --module-name TeleprompterApp --sdk-root /Applications/Xcode.app/Contents/Developer/Platforms/iPhoneOS.platform/Developer/SDKs/iPhoneOS26.2.sdk --xcode-version 17C52 --platform-family iOS --deployment-target 17.0 --bundle-identifier com.teleprompter1900.app --output /Users/sulemanimdad/Library/Developer/Xcode/DerivedData/TeleprompterApp-curlcjzemddgqzdjliyhfaitqmwx/Build/Products/Debug-iphoneos/TeleprompterApp.app --target-triple arm64-apple-ios17.0 --binary-file /Users/sulemanimdad/Library/Developer/Xcode/DerivedData/TeleprompterApp-curlcjzemddgqzdjliyhfaitqmwx/Build/Products/Debug-iphoneos/TeleprompterApp.app/TeleprompterApp --dependency-file /Users/sulemanimdad/Library/Developer/Xcode/DerivedData/TeleprompterApp-curlcjzemddgqzdjliyhfaitqmwx/Build/Intermediates.noindex/TeleprompterApp.build/Debug-iphoneos/TeleprompterApp.build/Objects-normal/arm64/TeleprompterApp_dependency_info.dat --stringsdata-file /Users/sulemanimdad/Library/Developer/Xcode/DerivedData/TeleprompterApp-curlcjzemddgqzdjliyhfaitqmwx/Build/Intermediates.noindex/TeleprompterApp.build/Debug-iphoneos/TeleprompterApp.build/Objects-normal/arm64/ExtractedAppShortcutsMetadata.stringsdata --source-file-list /Users/sulemanimdad/Library/Developer/Xcode/DerivedData/TeleprompterApp-curlcjzemddgqzdjliyhfaitqmwx/Build/Intermediates.noindex/TeleprompterApp.build/Debug-iphoneos/TeleprompterApp.build/Objects-normal/arm64/TeleprompterApp.SwiftFileList --metadata-file-list /Users/sulemanimdad/Library/Developer/Xcode/DerivedData/TeleprompterApp-curlcjzemddgqzdjliyhfaitqmwx/Build/Intermediates.noindex/TeleprompterApp.build/Debug-iphoneos/TeleprompterApp.build/TeleprompterApp.DependencyMetadataFileList --static-metadata-file-list /Users/sulemanimdad/Library/Developer/Xcode/DerivedData/TeleprompterApp-curlcjzemddgqzdjliyhfaitqmwx/Build/Intermediates.noindex/TeleprompterApp.build/Debug-iphoneos/TeleprompterApp.build/TeleprompterApp.DependencyStaticMetadataFileList --swift-const-vals-list /Users/sulemanimdad/Library/Developer/Xcode/DerivedData/TeleprompterApp-curlcjzemddgqzdjliyhfaitqmwx/Build/Intermediates.noindex/TeleprompterApp.build/Debug-iphoneos/TeleprompterApp.build/Objects-normal/arm64/TeleprompterApp.SwiftConstValuesFileList --compile-time-extraction --deployment-aware-processing --validate-assistant-intents --no-app-shortcuts-localization
2026-01-08 23:19:56.249 appintentsmetadataprocessor[7245:58455240] Starting appintentsmetadataprocessor export
2026-01-08 23:19:56.251 appintentsmetadataprocessor[7245:58455240] warning: Metadata extraction skipped. No AppIntents.framework dependency found.

AppIntentsSSUTraining (in target 'TeleprompterApp' from project 'TeleprompterApp')
    cd /Users/sulemanimdad/Documents/Developer/theman/Teleprompter\ App
    /Applications/Xcode.app/Contents/Developer/Toolchains/XcodeDefault.xctoolchain/usr/bin/appintentsnltrainingprocessor --infoplist-path /Users/sulemanimdad/Library/Developer/Xcode/DerivedData/TeleprompterApp-curlcjzemddgqzdjliyhfaitqmwx/Build/Products/Debug-iphoneos/TeleprompterApp.app/Info.plist --temp-dir-path /Users/sulemanimdad/Library/Developer/Xcode/DerivedData/TeleprompterApp-curlcjzemddgqzdjliyhfaitqmwx/Build/Intermediates.noindex/TeleprompterApp.build/Debug-iphoneos/TeleprompterApp.build/ssu --bundle-id com.teleprompter1900.app --product-path /Users/sulemanimdad/Library/Developer/Xcode/DerivedData/TeleprompterApp-curlcjzemddgqzdjliyhfaitqmwx/Build/Products/Debug-iphoneos/TeleprompterApp.app --extracted-metadata-path /Users/sulemanimdad/Library/Developer/Xcode/DerivedData/TeleprompterApp-curlcjzemddgqzdjliyhfaitqmwx/Build/Products/Debug-iphoneos/TeleprompterApp.app/Metadata.appintents --metadata-file-list /Users/sulemanimdad/Library/Developer/Xcode/DerivedData/TeleprompterApp-curlcjzemddgqzdjliyhfaitqmwx/Build/Intermediates.noindex/TeleprompterApp.build/Debug-iphoneos/TeleprompterApp.build/TeleprompterApp.DependencyMetadataFileList --archive-ssu-assets
2026-01-08 23:19:56.273 appintentsnltrainingprocessor[7246:58455241] Parsing options for appintentsnltrainingprocessor
2026-01-08 23:19:56.273 appintentsnltrainingprocessor[7246:58455241] No AppShortcuts found - Skipping.

RegisterExecutionPolicyException /Users/sulemanimdad/Library/Developer/Xcode/DerivedData/TeleprompterApp-curlcjzemddgqzdjliyhfaitqmwx/Build/Products/Debug-iphoneos/TeleprompterApp.app (in target 'TeleprompterApp' from project 'TeleprompterApp')
    cd /Users/sulemanimdad/Documents/Developer/theman/Teleprompter\ App
    builtin-RegisterExecutionPolicyException /Users/sulemanimdad/Library/Developer/Xcode/DerivedData/TeleprompterApp-curlcjzemddgqzdjliyhfaitqmwx/Build/Products/Debug-iphoneos/TeleprompterApp.app

Validate /Users/sulemanimdad/Library/Developer/Xcode/DerivedData/TeleprompterApp-curlcjzemddgqzdjliyhfaitqmwx/Build/Products/Debug-iphoneos/TeleprompterApp.app (in target 'TeleprompterApp' from project 'TeleprompterApp')
    cd /Users/sulemanimdad/Documents/Developer/theman/Teleprompter\ App
    builtin-validationUtility /Users/sulemanimdad/Library/Developer/Xcode/DerivedData/TeleprompterApp-curlcjzemddgqzdjliyhfaitqmwx/Build/Products/Debug-iphoneos/TeleprompterApp.app -shallow-bundle -infoplist-subpath Info.plist

Touch /Users/sulemanimdad/Library/Developer/Xcode/DerivedData/TeleprompterApp-curlcjzemddgqzdjliyhfaitqmwx/Build/Products/Debug-iphoneos/TeleprompterApp.app (in target 'TeleprompterApp' from project 'TeleprompterApp')
    cd /Users/sulemanimdad/Documents/Developer/theman/Teleprompter\ App
    /usr/bin/touch -c /Users/sulemanimdad/Library/Developer/Xcode/DerivedData/TeleprompterApp-curlcjzemddgqzdjliyhfaitqmwx/Build/Products/Debug-iphoneos/TeleprompterApp.app

** BUILD SUCCEEDED **

