Command line invocation:
    /Applications/Xcode.app/Contents/Developer/usr/bin/xcodebuild -project TeleprompterApp.xcodeproj -scheme TeleprompterApp -destination generic/platform=iOS build CODE_SIGNING_ALLOWED=NO

Build settings from command line:
    CODE_SIGNING_ALLOWED = NO

2026-01-10 15:29:17.882 xcodebuild[46671:62425396] [MT] IDERunDestination: Supported platforms for the buildables in the current scheme is empty.
ComputePackagePrebuildTargetDependencyGraph

Prepare packages

CreateBuildRequest

SendProjectDescription

CreateBuildOperation

ComputeTargetDependencyGraph
note: Building targets in dependency order
note: Target dependency graph (1 target)
    Target 'TeleprompterApp' in project 'TeleprompterApp' (no dependencies)

GatherProvisioningInputs

CreateBuildDescription

ClangStatCache /Applications/Xcode.app/Contents/Developer/Toolchains/XcodeDefault.xctoolchain/usr/bin/clang-stat-cache /Applications/Xcode.app/Contents/Developer/Platforms/iPhoneOS.platform/Developer/SDKs/iPhoneOS26.2.sdk /Users/sulemanimdad/Library/Developer/Xcode/DerivedData/SDKStatCaches.noindex/iphoneos26.2-23C53-3794476bd08197c3e2abd9bb477ef7f7.sdkstatcache
    cd /Users/sulemanimdad/Documents/Developer/theman/Teleprompter\ App/TeleprompterApp.xcodeproj
    /Applications/Xcode.app/Contents/Developer/Toolchains/XcodeDefault.xctoolchain/usr/bin/clang-stat-cache /Applications/Xcode.app/Contents/Developer/Platforms/iPhoneOS.platform/Developer/SDKs/iPhoneOS26.2.sdk -o /Users/sulemanimdad/Library/Developer/Xcode/DerivedData/SDKStatCaches.noindex/iphoneos26.2-23C53-3794476bd08197c3e2abd9bb477ef7f7.sdkstatcache

Ld /Users/sulemanimdad/Library/Developer/Xcode/DerivedData/TeleprompterApp-curlcjzemddgqzdjliyhfaitqmwx/Build/Products/Debug-iphoneos/TeleprompterApp.app/__preview.dylib normal (in target 'TeleprompterApp' from project 'TeleprompterApp')
    cd /Users/sulemanimdad/Documents/Developer/theman/Teleprompter\ App
    /Applications/Xcode.app/Contents/Developer/Toolchains/XcodeDefault.xctoolchain/usr/bin/clang -Xlinker -reproducible -target arm64-apple-ios17.0 -dynamiclib -isysroot /Applications/Xcode.app/Contents/Developer/Platforms/iPhoneOS.platform/Developer/SDKs/iPhoneOS26.2.sdk -O0 -L/Users/sulemanimdad/Library/Developer/Xcode/DerivedData/TeleprompterApp-curlcjzemddgqzdjliyhfaitqmwx/Build/Products/Debug-iphoneos -F/Users/sulemanimdad/Library/Developer/Xcode/DerivedData/TeleprompterApp-curlcjzemddgqzdjliyhfaitqmwx/Build/Products/Debug-iphoneos -install_name @rpath/TeleprompterApp.debug.dylib -dead_strip -rdynamic -Xlinker -no_deduplicate -Xlinker -dependency_info -Xlinker /Users/sulemanimdad/Library/Developer/Xcode/DerivedData/TeleprompterApp-curlcjzemddgqzdjliyhfaitqmwx/Build/Intermediates.noindex/TeleprompterApp.build/Debug-iphoneos/TeleprompterApp.build/Objects-normal/arm64/TeleprompterApp_dependency_info.dat -o /Users/sulemanimdad/Library/Developer/Xcode/DerivedData/TeleprompterApp-curlcjzemddgqzdjliyhfaitqmwx/Build/Products/Debug-iphoneos/TeleprompterApp.app/__preview.dylib

CompileAssetCatalogVariant thinned /Users/sulemanimdad/Library/Developer/Xcode/DerivedData/TeleprompterApp-curlcjzemddgqzdjliyhfaitqmwx/Build/Products/Debug-iphoneos/TeleprompterApp.app /Users/sulemanimdad/Documents/Developer/theman/Teleprompter\ App/TeleprompterApp/Resources/Assets.xcassets (in target 'TeleprompterApp' from project 'TeleprompterApp')
    cd /Users/sulemanimdad/Documents/Developer/theman/Teleprompter\ App
    /Applications/Xcode.app/Contents/Developer/usr/bin/actool /Users/sulemanimdad/Documents/Developer/theman/Teleprompter\ App/TeleprompterApp/Resources/Assets.xcassets --compile /Users/sulemanimdad/Library/Developer/Xcode/DerivedData/TeleprompterApp-curlcjzemddgqzdjliyhfaitqmwx/Build/Intermediates.noindex/TeleprompterApp.build/Debug-iphoneos/TeleprompterApp.build/assetcatalog_output/thinned --output-format human-readable-text --notices --warnings --export-dependency-info /Users/sulemanimdad/Library/Developer/Xcode/DerivedData/TeleprompterApp-curlcjzemddgqzdjliyhfaitqmwx/Build/Intermediates.noindex/TeleprompterApp.build/Debug-iphoneos/TeleprompterApp.build/assetcatalog_dependencies_thinned --output-partial-info-plist /Users/sulemanimdad/Library/Developer/Xcode/DerivedData/TeleprompterApp-curlcjzemddgqzdjliyhfaitqmwx/Build/Intermediates.noindex/TeleprompterApp.build/Debug-iphoneos/TeleprompterApp.build/assetcatalog_generated_info.plist_thinned --app-icon AppIcon --accent-color AccentColor --compress-pngs --enable-on-demand-resources YES --development-region en --target-device iphone --target-device ipad --minimum-deployment-target 17.0 --platform iphoneos
/* com.apple.actool.compilation-results */
/Users/sulemanimdad/Library/Developer/Xcode/DerivedData/TeleprompterApp-curlcjzemddgqzdjliyhfaitqmwx/Build/Intermediates.noindex/TeleprompterApp.build/Debug-iphoneos/TeleprompterApp.build/assetcatalog_generated_info.plist_thinned
/Users/sulemanimdad/Library/Developer/Xcode/DerivedData/TeleprompterApp-curlcjzemddgqzdjliyhfaitqmwx/Build/Intermediates.noindex/TeleprompterApp.build/Debug-iphoneos/TeleprompterApp.build/assetcatalog_output/thinned/AppIcon60x60@2x.png
/Users/sulemanimdad/Library/Developer/Xcode/DerivedData/TeleprompterApp-curlcjzemddgqzdjliyhfaitqmwx/Build/Intermediates.noindex/TeleprompterApp.build/Debug-iphoneos/TeleprompterApp.build/assetcatalog_output/thinned/AppIcon76x76@2x~ipad.png
/Users/sulemanimdad/Library/Developer/Xcode/DerivedData/TeleprompterApp-curlcjzemddgqzdjliyhfaitqmwx/Build/Intermediates.noindex/TeleprompterApp.build/Debug-iphoneos/TeleprompterApp.build/assetcatalog_output/thinned/Assets.car


SwiftDriver TeleprompterApp normal arm64 com.apple.xcode.tools.swift.compiler (in target 'TeleprompterApp' from project 'TeleprompterApp')
    cd /Users/sulemanimdad/Documents/Developer/theman/Teleprompter\ App
    builtin-SwiftDriver -- /Applications/Xcode.app/Contents/Developer/Toolchains/XcodeDefault.xctoolchain/usr/bin/swiftc -module-name TeleprompterApp -Onone -enforce-exclusivity\=checked @/Users/sulemanimdad/Library/Developer/Xcode/DerivedData/TeleprompterApp-curlcjzemddgqzdjliyhfaitqmwx/Build/Intermediates.noindex/TeleprompterApp.build/Debug-iphoneos/TeleprompterApp.build/Objects-normal/arm64/TeleprompterApp.SwiftFileList -DDEBUG -enable-bare-slash-regex -enable-experimental-feature DebugDescriptionMacro -sdk /Applications/Xcode.app/Contents/Developer/Platforms/iPhoneOS.platform/Developer/SDKs/iPhoneOS26.2.sdk -target arm64-apple-ios17.0 -g -module-cache-path /Users/sulemanimdad/Library/Developer/Xcode/DerivedData/ModuleCache.noindex -Xfrontend -serialize-debugging-options -enable-testing -index-store-path /Users/sulemanimdad/Library/Developer/Xcode/DerivedData/TeleprompterApp-curlcjzemddgqzdjliyhfaitqmwx/Index.noindex/DataStore -Xcc -D_LIBCPP_HARDENING_MODE\=_LIBCPP_HARDENING_MODE_DEBUG -swift-version 5 -I /Users/sulemanimdad/Library/Developer/Xcode/DerivedData/TeleprompterApp-curlcjzemddgqzdjliyhfaitqmwx/Build/Products/Debug-iphoneos -F /Users/sulemanimdad/Library/Developer/Xcode/DerivedData/TeleprompterApp-curlcjzemddgqzdjliyhfaitqmwx/Build/Products/Debug-iphoneos -emit-localized-strings -emit-localized-strings-path /Users/sulemanimdad/Library/Developer/Xcode/DerivedData/TeleprompterApp-curlcjzemddgqzdjliyhfaitqmwx/Build/Intermediates.noindex/TeleprompterApp.build/Debug-iphoneos/TeleprompterApp.build/Objects-normal/arm64 -c -j10 -enable-batch-mode -incremental -Xcc -ivfsstatcache -Xcc /Users/sulemanimdad/Library/Developer/Xcode/DerivedData/SDKStatCaches.noindex/iphoneos26.2-23C53-3794476bd08197c3e2abd9bb477ef7f7.sdkstatcache -output-file-map /Users/sulemanimdad/Library/Developer/Xcode/DerivedData/TeleprompterApp-curlcjzemddgqzdjliyhfaitqmwx/Build/Intermediates.noindex/TeleprompterApp.build/Debug-iphoneos/TeleprompterApp.build/Objects-normal/arm64/TeleprompterApp-OutputFileMap.json -use-frontend-parseable-output -save-temps -no-color-diagnostics -explicit-module-build -module-cache-path /Users/sulemanimdad/Library/Developer/Xcode/DerivedData/TeleprompterApp-curlcjzemddgqzdjliyhfaitqmwx/Build/Intermediates.noindex/SwiftExplicitPrecompiledModules -clang-scanner-module-cache-path /Users/sulemanimdad/Library/Developer/Xcode/DerivedData/ModuleCache.noindex -sdk-module-cache-path /Users/sulemanimdad/Library/Developer/Xcode/DerivedData/ModuleCache.noindex -serialize-diagnostics -emit-dependencies -emit-module -emit-module-path /Users/sulemanimdad/Library/Developer/Xcode/DerivedData/TeleprompterApp-curlcjzemddgqzdjliyhfaitqmwx/Build/Intermediates.noindex/TeleprompterApp.build/Debug-iphoneos/TeleprompterApp.build/Objects-normal/arm64/TeleprompterApp.swiftmodule -validate-clang-modules-once -clang-build-session-file /Users/sulemanimdad/Library/Developer/Xcode/DerivedData/ModuleCache.noindex/Session.modulevalidation -Xcc -I/Users/sulemanimdad/Library/Developer/Xcode/DerivedData/TeleprompterApp-curlcjzemddgqzdjliyhfaitqmwx/Build/Intermediates.noindex/TeleprompterApp.build/Debug-iphoneos/TeleprompterApp.build/swift-overrides.hmap -emit-const-values -Xfrontend -const-gather-protocols-file -Xfrontend /Users/sulemanimdad/Library/Developer/Xcode/DerivedData/TeleprompterApp-curlcjzemddgqzdjliyhfaitqmwx/Build/Intermediates.noindex/TeleprompterApp.build/Debug-iphoneos/TeleprompterApp.build/Objects-normal/arm64/TeleprompterApp_const_extract_protocols.json -Xcc -iquote -Xcc /Users/sulemanimdad/Library/Developer/Xcode/DerivedData/TeleprompterApp-curlcjzemddgqzdjliyhfaitqmwx/Build/Intermediates.noindex/TeleprompterApp.build/Debug-iphoneos/TeleprompterApp.build/TeleprompterApp-generated-files.hmap -Xcc -I/Users/sulemanimdad/Library/Developer/Xcode/DerivedData/TeleprompterApp-curlcjzemddgqzdjliyhfaitqmwx/Build/Intermediates.noindex/TeleprompterApp.build/Debug-iphoneos/TeleprompterApp.build/TeleprompterApp-own-target-headers.hmap -Xcc -I/Users/sulemanimdad/Library/Developer/Xcode/DerivedData/TeleprompterApp-curlcjzemddgqzdjliyhfaitqmwx/Build/Intermediates.noindex/TeleprompterApp.build/Debug-iphoneos/TeleprompterApp.build/TeleprompterApp-all-target-headers.hmap -Xcc -iquote -Xcc /Users/sulemanimdad/Library/Developer/Xcode/DerivedData/TeleprompterApp-curlcjzemddgqzdjliyhfaitqmwx/Build/Intermediates.noindex/TeleprompterApp.build/Debug-iphoneos/TeleprompterApp.build/TeleprompterApp-project-headers.hmap -Xcc -I/Users/sulemanimdad/Library/Developer/Xcode/DerivedData/TeleprompterApp-curlcjzemddgqzdjliyhfaitqmwx/Build/Products/Debug-iphoneos/include -Xcc -I/Users/sulemanimdad/Library/Developer/Xcode/DerivedData/TeleprompterApp-curlcjzemddgqzdjliyhfaitqmwx/Build/Intermediates.noindex/TeleprompterApp.build/Debug-iphoneos/TeleprompterApp.build/DerivedSources-normal/arm64 -Xcc -I/Users/sulemanimdad/Library/Developer/Xcode/DerivedData/TeleprompterApp-curlcjzemddgqzdjliyhfaitqmwx/Build/Intermediates.noindex/TeleprompterApp.build/Debug-iphoneos/TeleprompterApp.build/DerivedSources/arm64 -Xcc -I/Users/sulemanimdad/Library/Developer/Xcode/DerivedData/TeleprompterApp-curlcjzemddgqzdjliyhfaitqmwx/Build/Intermediates.noindex/TeleprompterApp.build/Debug-iphoneos/TeleprompterApp.build/DerivedSources -Xcc -DDEBUG\=1 -emit-objc-header -emit-objc-header-path /Users/sulemanimdad/Library/Developer/Xcode/DerivedData/TeleprompterApp-curlcjzemddgqzdjliyhfaitqmwx/Build/Intermediates.noindex/TeleprompterApp.build/Debug-iphoneos/TeleprompterApp.build/Objects-normal/arm64/TeleprompterApp-Swift.h -working-directory /Users/sulemanimdad/Documents/Developer/theman/Teleprompter\ App -experimental-emit-module-separately -disable-cmo

SwiftCompile normal arm64 Compiling\ TeleprompterEngine.swift /Users/sulemanimdad/Documents/Developer/theman/Teleprompter\ App/TeleprompterApp/Services/Teleprompter/TeleprompterEngine.swift (in target 'TeleprompterApp' from project 'TeleprompterApp')

SwiftCompile normal arm64 /Users/sulemanimdad/Documents/Developer/theman/Teleprompter\ App/TeleprompterApp/Services/Teleprompter/TeleprompterEngine.swift (in target 'TeleprompterApp' from project 'TeleprompterApp')
    cd /Users/sulemanimdad/Documents/Developer/theman/Teleprompter\ App
    

SwiftEmitModule normal arm64 Emitting\ module\ for\ TeleprompterApp (in target 'TeleprompterApp' from project 'TeleprompterApp')

EmitSwiftModule normal arm64 (in target 'TeleprompterApp' from project 'TeleprompterApp')
    cd /Users/sulemanimdad/Documents/Developer/theman/Teleprompter\ App
    

SwiftCompile normal arm64 Compiling\ TeleprompterOverlay.swift /Users/sulemanimdad/Documents/Developer/theman/Teleprompter\ App/TeleprompterApp/Views/Recording/TeleprompterOverlay.swift (in target 'TeleprompterApp' from project 'TeleprompterApp')

SwiftCompile normal arm64 /Users/sulemanimdad/Documents/Developer/theman/Teleprompter\ App/TeleprompterApp/Views/Recording/TeleprompterOverlay.swift (in target 'TeleprompterApp' from project 'TeleprompterApp')
    cd /Users/sulemanimdad/Documents/Developer/theman/Teleprompter\ App
    
/Users/sulemanimdad/Documents/Developer/theman/Teleprompter App/TeleprompterApp/Views/Recording/TeleprompterOverlay.swift:21:17: warning: initialization of immutable value 'activeZoneHeight' was never used; consider replacing with assignment to '_' or removing it
            let activeZoneHeight = geometry.size.height * activeZoneRatio
            ~~~~^~~~~~~~~~~~~~~~
            _

SwiftDriverJobDiscovery normal arm64 Compiling TeleprompterEngine.swift (in target 'TeleprompterApp' from project 'TeleprompterApp')

SwiftCompile normal arm64 Compiling\ RecordingView.swift /Users/sulemanimdad/Documents/Developer/theman/Teleprompter\ App/TeleprompterApp/Views/Recording/RecordingView.swift (in target 'TeleprompterApp' from project 'TeleprompterApp')

SwiftCompile normal arm64 /Users/sulemanimdad/Documents/Developer/theman/Teleprompter\ App/TeleprompterApp/Views/Recording/RecordingView.swift (in target 'TeleprompterApp' from project 'TeleprompterApp')
    cd /Users/sulemanimdad/Documents/Developer/theman/Teleprompter\ App
    

SwiftCompile normal arm64 Compiling\ FocusIndicatorView.swift /Users/sulemanimdad/Documents/Developer/theman/Teleprompter\ App/TeleprompterApp/Views/Recording/FocusIndicatorView.swift (in target 'TeleprompterApp' from project 'TeleprompterApp')

SwiftCompile normal arm64 /Users/sulemanimdad/Documents/Developer/theman/Teleprompter\ App/TeleprompterApp/Views/Recording/FocusIndicatorView.swift (in target 'TeleprompterApp' from project 'TeleprompterApp')
    cd /Users/sulemanimdad/Documents/Developer/theman/Teleprompter\ App
    

SwiftCompile normal arm64 Compiling\ ContentView.swift /Users/sulemanimdad/Documents/Developer/theman/Teleprompter\ App/TeleprompterApp/App/ContentView.swift (in target 'TeleprompterApp' from project 'TeleprompterApp')

SwiftCompile normal arm64 /Users/sulemanimdad/Documents/Developer/theman/Teleprompter\ App/TeleprompterApp/App/ContentView.swift (in target 'TeleprompterApp' from project 'TeleprompterApp')
    cd /Users/sulemanimdad/Documents/Developer/theman/Teleprompter\ App
    

SwiftCompile normal arm64 Compiling\ ScriptEditorView.swift /Users/sulemanimdad/Documents/Developer/theman/Teleprompter\ App/TeleprompterApp/Views/ScriptEditor/ScriptEditorView.swift (in target 'TeleprompterApp' from project 'TeleprompterApp')

SwiftCompile normal arm64 /Users/sulemanimdad/Documents/Developer/theman/Teleprompter\ App/TeleprompterApp/Views/ScriptEditor/ScriptEditorView.swift (in target 'TeleprompterApp' from project 'TeleprompterApp')
    cd /Users/sulemanimdad/Documents/Developer/theman/Teleprompter\ App
    

SwiftCompile normal arm64 Compiling\ MetalPreviewView.swift /Users/sulemanimdad/Documents/Developer/theman/Teleprompter\ App/TeleprompterApp/Views/Recording/MetalPreviewView.swift (in target 'TeleprompterApp' from project 'TeleprompterApp')

SwiftCompile normal arm64 /Users/sulemanimdad/Documents/Developer/theman/Teleprompter\ App/TeleprompterApp/Views/Recording/MetalPreviewView.swift (in target 'TeleprompterApp' from project 'TeleprompterApp')
    cd /Users/sulemanimdad/Documents/Developer/theman/Teleprompter\ App
    
/Users/sulemanimdad/Documents/Developer/theman/Teleprompter App/TeleprompterApp/Views/Recording/MetalPreviewView.swift:50:23: warning: variable 'image' was never mutated; consider changing to 'let' constant
            guard var image = ciImage,
                  ~~~ ^
                  let
/Users/sulemanimdad/Documents/Developer/theman/Teleprompter App/TeleprompterApp/Views/Recording/MetalPreviewView.swift:71:17: warning: variable 'scaledImage' was never mutated; consider changing to 'let' constant
            var scaledImage = image.transformed(by: CGAffineTransform(scaleX: scale, y: scale))
            ~~~ ^
            let

SwiftCompile normal arm64 Compiling\ CameraPreviewView.swift /Users/sulemanimdad/Documents/Developer/theman/Teleprompter\ App/TeleprompterApp/Views/Recording/CameraPreviewView.swift (in target 'TeleprompterApp' from project 'TeleprompterApp')

SwiftCompile normal arm64 /Users/sulemanimdad/Documents/Developer/theman/Teleprompter\ App/TeleprompterApp/Views/Recording/CameraPreviewView.swift (in target 'TeleprompterApp' from project 'TeleprompterApp')
    cd /Users/sulemanimdad/Documents/Developer/theman/Teleprompter\ App
    
/Users/sulemanimdad/Documents/Developer/theman/Teleprompter App/TeleprompterApp/Views/Recording/CameraPreviewView.swift:75:68: warning: 'isVideoOrientationSupported' was deprecated in iOS 17.0: Use -isVideoRotationAngleSupported: instead
        guard let connection = previewLayer.connection, connection.isVideoOrientationSupported else { return }
                                                                   ^
/Users/sulemanimdad/Documents/Developer/theman/Teleprompter App/TeleprompterApp/Views/Recording/CameraPreviewView.swift:80:24: warning: 'videoOrientation' was deprecated in iOS 17.0: Use -videoRotationAngle instead
            connection.videoOrientation = .portrait
                       ^
/Users/sulemanimdad/Documents/Developer/theman/Teleprompter App/TeleprompterApp/Views/Recording/CameraPreviewView.swift:82:24: warning: 'videoOrientation' was deprecated in iOS 17.0: Use -videoRotationAngle instead
            connection.videoOrientation = .landscapeRight // Inverted for front camera
                       ^
/Users/sulemanimdad/Documents/Developer/theman/Teleprompter App/TeleprompterApp/Views/Recording/CameraPreviewView.swift:84:24: warning: 'videoOrientation' was deprecated in iOS 17.0: Use -videoRotationAngle instead
            connection.videoOrientation = .landscapeLeft // Inverted for front camera
                       ^
/Users/sulemanimdad/Documents/Developer/theman/Teleprompter App/TeleprompterApp/Views/Recording/CameraPreviewView.swift:86:24: warning: 'videoOrientation' was deprecated in iOS 17.0: Use -videoRotationAngle instead
            connection.videoOrientation = .portraitUpsideDown
                       ^

SwiftCompile normal arm64 Compiling\ RecordingControlsView.swift /Users/sulemanimdad/Documents/Developer/theman/Teleprompter\ App/TeleprompterApp/Views/Recording/RecordingControlsView.swift (in target 'TeleprompterApp' from project 'TeleprompterApp')

SwiftCompile normal arm64 /Users/sulemanimdad/Documents/Developer/theman/Teleprompter\ App/TeleprompterApp/Views/Recording/RecordingControlsView.swift (in target 'TeleprompterApp' from project 'TeleprompterApp')
    cd /Users/sulemanimdad/Documents/Developer/theman/Teleprompter\ App
    

SwiftCompile normal arm64 Compiling\ ScriptListView.swift /Users/sulemanimdad/Documents/Developer/theman/Teleprompter\ App/TeleprompterApp/Views/ScriptEditor/ScriptListView.swift (in target 'TeleprompterApp' from project 'TeleprompterApp')

SwiftCompile normal arm64 /Users/sulemanimdad/Documents/Developer/theman/Teleprompter\ App/TeleprompterApp/Views/ScriptEditor/ScriptListView.swift (in target 'TeleprompterApp' from project 'TeleprompterApp')
    cd /Users/sulemanimdad/Documents/Developer/theman/Teleprompter\ App
    
/Users/sulemanimdad/Documents/Developer/theman/Teleprompter App/TeleprompterApp/Views/ScriptEditor/ScriptListView.swift:56:36: warning: value 'index' was defined but never used; consider replacing with boolean test
                            if let index = storage.scripts.firstIndex(where: { $0.id == script.id }) {
                               ~~~~^~~~~~~~
                                                                                                     != nil

SwiftDriverJobDiscovery normal arm64 Compiling TeleprompterOverlay.swift (in target 'TeleprompterApp' from project 'TeleprompterApp')

SwiftCompile normal arm64 Compiling\ CameraControlsOverlay.swift /Users/sulemanimdad/Documents/Developer/theman/Teleprompter\ App/TeleprompterApp/Views/Recording/CameraControlsOverlay.swift (in target 'TeleprompterApp' from project 'TeleprompterApp')

SwiftCompile normal arm64 /Users/sulemanimdad/Documents/Developer/theman/Teleprompter\ App/TeleprompterApp/Views/Recording/CameraControlsOverlay.swift (in target 'TeleprompterApp' from project 'TeleprompterApp')
    cd /Users/sulemanimdad/Documents/Developer/theman/Teleprompter\ App
    

SwiftDriverJobDiscovery normal arm64 Emitting module for TeleprompterApp (in target 'TeleprompterApp' from project 'TeleprompterApp')

SwiftDriver\ Compilation\ Requirements TeleprompterApp normal arm64 com.apple.xcode.tools.swift.compiler (in target 'TeleprompterApp' from project 'TeleprompterApp')
    cd /Users/sulemanimdad/Documents/Developer/theman/Teleprompter\ App
    builtin-Swift-Compilation-Requirements -- /Applications/Xcode.app/Contents/Developer/Toolchains/XcodeDefault.xctoolchain/usr/bin/swiftc -module-name TeleprompterApp -Onone -enforce-exclusivity\=checked @/Users/sulemanimdad/Library/Developer/Xcode/DerivedData/TeleprompterApp-curlcjzemddgqzdjliyhfaitqmwx/Build/Intermediates.noindex/TeleprompterApp.build/Debug-iphoneos/TeleprompterApp.build/Objects-normal/arm64/TeleprompterApp.SwiftFileList -DDEBUG -enable-bare-slash-regex -enable-experimental-feature DebugDescriptionMacro -sdk /Applications/Xcode.app/Contents/Developer/Platforms/iPhoneOS.platform/Developer/SDKs/iPhoneOS26.2.sdk -target arm64-apple-ios17.0 -g -module-cache-path /Users/sulemanimdad/Library/Developer/Xcode/DerivedData/ModuleCache.noindex -Xfrontend -serialize-debugging-options -enable-testing -index-store-path /Users/sulemanimdad/Library/Developer/Xcode/DerivedData/TeleprompterApp-curlcjzemddgqzdjliyhfaitqmwx/Index.noindex/DataStore -Xcc -D_LIBCPP_HARDENING_MODE\=_LIBCPP_HARDENING_MODE_DEBUG -swift-version 5 -I /Users/sulemanimdad/Library/Developer/Xcode/DerivedData/TeleprompterApp-curlcjzemddgqzdjliyhfaitqmwx/Build/Products/Debug-iphoneos -F /Users/sulemanimdad/Library/Developer/Xcode/DerivedData/TeleprompterApp-curlcjzemddgqzdjliyhfaitqmwx/Build/Products/Debug-iphoneos -emit-localized-strings -emit-localized-strings-path /Users/sulemanimdad/Library/Developer/Xcode/DerivedData/TeleprompterApp-curlcjzemddgqzdjliyhfaitqmwx/Build/Intermediates.noindex/TeleprompterApp.build/Debug-iphoneos/TeleprompterApp.build/Objects-normal/arm64 -c -j10 -enable-batch-mode -incremental -Xcc -ivfsstatcache -Xcc /Users/sulemanimdad/Library/Developer/Xcode/DerivedData/SDKStatCaches.noindex/iphoneos26.2-23C53-3794476bd08197c3e2abd9bb477ef7f7.sdkstatcache -output-file-map /Users/sulemanimdad/Library/Developer/Xcode/DerivedData/TeleprompterApp-curlcjzemddgqzdjliyhfaitqmwx/Build/Intermediates.noindex/TeleprompterApp.build/Debug-iphoneos/TeleprompterApp.build/Objects-normal/arm64/TeleprompterApp-OutputFileMap.json -use-frontend-parseable-output -save-temps -no-color-diagnostics -explicit-module-build -module-cache-path /Users/sulemanimdad/Library/Developer/Xcode/DerivedData/TeleprompterApp-curlcjzemddgqzdjliyhfaitqmwx/Build/Intermediates.noindex/SwiftExplicitPrecompiledModules -clang-scanner-module-cache-path /Users/sulemanimdad/Library/Developer/Xcode/DerivedData/ModuleCache.noindex -sdk-module-cache-path /Users/sulemanimdad/Library/Developer/Xcode/DerivedData/ModuleCache.noindex -serialize-diagnostics -emit-dependencies -emit-module -emit-module-path /Users/sulemanimdad/Library/Developer/Xcode/DerivedData/TeleprompterApp-curlcjzemddgqzdjliyhfaitqmwx/Build/Intermediates.noindex/TeleprompterApp.build/Debug-iphoneos/TeleprompterApp.build/Objects-normal/arm64/TeleprompterApp.swiftmodule -validate-clang-modules-once -clang-build-session-file /Users/sulemanimdad/Library/Developer/Xcode/DerivedData/ModuleCache.noindex/Session.modulevalidation -Xcc -I/Users/sulemanimdad/Library/Developer/Xcode/DerivedData/TeleprompterApp-curlcjzemddgqzdjliyhfaitqmwx/Build/Intermediates.noindex/TeleprompterApp.build/Debug-iphoneos/TeleprompterApp.build/swift-overrides.hmap -emit-const-values -Xfrontend -const-gather-protocols-file -Xfrontend /Users/sulemanimdad/Library/Developer/Xcode/DerivedData/TeleprompterApp-curlcjzemddgqzdjliyhfaitqmwx/Build/Intermediates.noindex/TeleprompterApp.build/Debug-iphoneos/TeleprompterApp.build/Objects-normal/arm64/TeleprompterApp_const_extract_protocols.json -Xcc -iquote -Xcc /Users/sulemanimdad/Library/Developer/Xcode/DerivedData/TeleprompterApp-curlcjzemddgqzdjliyhfaitqmwx/Build/Intermediates.noindex/TeleprompterApp.build/Debug-iphoneos/TeleprompterApp.build/TeleprompterApp-generated-files.hmap -Xcc -I/Users/sulemanimdad/Library/Developer/Xcode/DerivedData/TeleprompterApp-curlcjzemddgqzdjliyhfaitqmwx/Build/Intermediates.noindex/TeleprompterApp.build/Debug-iphoneos/TeleprompterApp.build/TeleprompterApp-own-target-headers.hmap -Xcc -I/Users/sulemanimdad/Library/Developer/Xcode/DerivedData/TeleprompterApp-curlcjzemddgqzdjliyhfaitqmwx/Build/Intermediates.noindex/TeleprompterApp.build/Debug-iphoneos/TeleprompterApp.build/TeleprompterApp-all-target-headers.hmap -Xcc -iquote -Xcc /Users/sulemanimdad/Library/Developer/Xcode/DerivedData/TeleprompterApp-curlcjzemddgqzdjliyhfaitqmwx/Build/Intermediates.noindex/TeleprompterApp.build/Debug-iphoneos/TeleprompterApp.build/TeleprompterApp-project-headers.hmap -Xcc -I/Users/sulemanimdad/Library/Developer/Xcode/DerivedData/TeleprompterApp-curlcjzemddgqzdjliyhfaitqmwx/Build/Products/Debug-iphoneos/include -Xcc -I/Users/sulemanimdad/Library/Developer/Xcode/DerivedData/TeleprompterApp-curlcjzemddgqzdjliyhfaitqmwx/Build/Intermediates.noindex/TeleprompterApp.build/Debug-iphoneos/TeleprompterApp.build/DerivedSources-normal/arm64 -Xcc -I/Users/sulemanimdad/Library/Developer/Xcode/DerivedData/TeleprompterApp-curlcjzemddgqzdjliyhfaitqmwx/Build/Intermediates.noindex/TeleprompterApp.build/Debug-iphoneos/TeleprompterApp.build/DerivedSources/arm64 -Xcc -I/Users/sulemanimdad/Library/Developer/Xcode/DerivedData/TeleprompterApp-curlcjzemddgqzdjliyhfaitqmwx/Build/Intermediates.noindex/TeleprompterApp.build/Debug-iphoneos/TeleprompterApp.build/DerivedSources -Xcc -DDEBUG\=1 -emit-objc-header -emit-objc-header-path /Users/sulemanimdad/Library/Developer/Xcode/DerivedData/TeleprompterApp-curlcjzemddgqzdjliyhfaitqmwx/Build/Intermediates.noindex/TeleprompterApp.build/Debug-iphoneos/TeleprompterApp.build/Objects-normal/arm64/TeleprompterApp-Swift.h -working-directory /Users/sulemanimdad/Documents/Developer/theman/Teleprompter\ App -experimental-emit-module-separately -disable-cmo

SwiftDriverJobDiscovery normal arm64 Compiling ContentView.swift (in target 'TeleprompterApp' from project 'TeleprompterApp')

SwiftCompile normal arm64 Compiling\ SettingsView.swift /Users/sulemanimdad/Documents/Developer/theman/Teleprompter\ App/TeleprompterApp/Views/Settings/SettingsView.swift (in target 'TeleprompterApp' from project 'TeleprompterApp')

SwiftCompile normal arm64 /Users/sulemanimdad/Documents/Developer/theman/Teleprompter\ App/TeleprompterApp/Views/Settings/SettingsView.swift (in target 'TeleprompterApp' from project 'TeleprompterApp')
    cd /Users/sulemanimdad/Documents/Developer/theman/Teleprompter\ App
    

Copy /Users/sulemanimdad/Library/Developer/Xcode/DerivedData/TeleprompterApp-curlcjzemddgqzdjliyhfaitqmwx/Build/Products/Debug-iphoneos/TeleprompterApp.swiftmodule/arm64-apple-ios.swiftmodule /Users/sulemanimdad/Library/Developer/Xcode/DerivedData/TeleprompterApp-curlcjzemddgqzdjliyhfaitqmwx/Build/Intermediates.noindex/TeleprompterApp.build/Debug-iphoneos/TeleprompterApp.build/Objects-normal/arm64/TeleprompterApp.swiftmodule (in target 'TeleprompterApp' from project 'TeleprompterApp')
    cd /Users/sulemanimdad/Documents/Developer/theman/Teleprompter\ App
    builtin-copy -exclude .DS_Store -exclude CVS -exclude .svn -exclude .git -exclude .hg -resolve-src-symlinks -rename /Users/sulemanimdad/Library/Developer/Xcode/DerivedData/TeleprompterApp-curlcjzemddgqzdjliyhfaitqmwx/Build/Intermediates.noindex/TeleprompterApp.build/Debug-iphoneos/TeleprompterApp.build/Objects-normal/arm64/TeleprompterApp.swiftmodule /Users/sulemanimdad/Library/Developer/Xcode/DerivedData/TeleprompterApp-curlcjzemddgqzdjliyhfaitqmwx/Build/Products/Debug-iphoneos/TeleprompterApp.swiftmodule/arm64-apple-ios.swiftmodule

SwiftDriverJobDiscovery normal arm64 Compiling CameraPreviewView.swift (in target 'TeleprompterApp' from project 'TeleprompterApp')

Copy /Users/sulemanimdad/Library/Developer/Xcode/DerivedData/TeleprompterApp-curlcjzemddgqzdjliyhfaitqmwx/Build/Products/Debug-iphoneos/TeleprompterApp.swiftmodule/arm64-apple-ios.abi.json /Users/sulemanimdad/Library/Developer/Xcode/DerivedData/TeleprompterApp-curlcjzemddgqzdjliyhfaitqmwx/Build/Intermediates.noindex/TeleprompterApp.build/Debug-iphoneos/TeleprompterApp.build/Objects-normal/arm64/TeleprompterApp.abi.json (in target 'TeleprompterApp' from project 'TeleprompterApp')
    cd /Users/sulemanimdad/Documents/Developer/theman/Teleprompter\ App
    builtin-copy -exclude .DS_Store -exclude CVS -exclude .svn -exclude .git -exclude .hg -resolve-src-symlinks -rename /Users/sulemanimdad/Library/Developer/Xcode/DerivedData/TeleprompterApp-curlcjzemddgqzdjliyhfaitqmwx/Build/Intermediates.noindex/TeleprompterApp.build/Debug-iphoneos/TeleprompterApp.build/Objects-normal/arm64/TeleprompterApp.abi.json /Users/sulemanimdad/Library/Developer/Xcode/DerivedData/TeleprompterApp-curlcjzemddgqzdjliyhfaitqmwx/Build/Products/Debug-iphoneos/TeleprompterApp.swiftmodule/arm64-apple-ios.abi.json

Copy /Users/sulemanimdad/Library/Developer/Xcode/DerivedData/TeleprompterApp-curlcjzemddgqzdjliyhfaitqmwx/Build/Products/Debug-iphoneos/TeleprompterApp.swiftmodule/Project/arm64-apple-ios.swiftsourceinfo /Users/sulemanimdad/Library/Developer/Xcode/DerivedData/TeleprompterApp-curlcjzemddgqzdjliyhfaitqmwx/Build/Intermediates.noindex/TeleprompterApp.build/Debug-iphoneos/TeleprompterApp.build/Objects-normal/arm64/TeleprompterApp.swiftsourceinfo (in target 'TeleprompterApp' from project 'TeleprompterApp')
    cd /Users/sulemanimdad/Documents/Developer/theman/Teleprompter\ App
    builtin-copy -exclude .DS_Store -exclude CVS -exclude .svn -exclude .git -exclude .hg -resolve-src-symlinks -rename /Users/sulemanimdad/Library/Developer/Xcode/DerivedData/TeleprompterApp-curlcjzemddgqzdjliyhfaitqmwx/Build/Intermediates.noindex/TeleprompterApp.build/Debug-iphoneos/TeleprompterApp.build/Objects-normal/arm64/TeleprompterApp.swiftsourceinfo /Users/sulemanimdad/Library/Developer/Xcode/DerivedData/TeleprompterApp-curlcjzemddgqzdjliyhfaitqmwx/Build/Products/Debug-iphoneos/TeleprompterApp.swiftmodule/Project/arm64-apple-ios.swiftsourceinfo

SwiftDriverJobDiscovery normal arm64 Compiling MetalPreviewView.swift (in target 'TeleprompterApp' from project 'TeleprompterApp')

SwiftDriverJobDiscovery normal arm64 Compiling FocusIndicatorView.swift (in target 'TeleprompterApp' from project 'TeleprompterApp')

SwiftDriverJobDiscovery normal arm64 Compiling ScriptEditorView.swift (in target 'TeleprompterApp' from project 'TeleprompterApp')

SwiftDriverJobDiscovery normal arm64 Compiling RecordingControlsView.swift (in target 'TeleprompterApp' from project 'TeleprompterApp')

SwiftDriverJobDiscovery normal arm64 Compiling ScriptListView.swift (in target 'TeleprompterApp' from project 'TeleprompterApp')

SwiftDriverJobDiscovery normal arm64 Compiling SettingsView.swift (in target 'TeleprompterApp' from project 'TeleprompterApp')

SwiftDriverJobDiscovery normal arm64 Compiling RecordingView.swift (in target 'TeleprompterApp' from project 'TeleprompterApp')

SwiftDriverJobDiscovery normal arm64 Compiling CameraControlsOverlay.swift (in target 'TeleprompterApp' from project 'TeleprompterApp')

SwiftDriver\ Compilation TeleprompterApp normal arm64 com.apple.xcode.tools.swift.compiler (in target 'TeleprompterApp' from project 'TeleprompterApp')
    cd /Users/sulemanimdad/Documents/Developer/theman/Teleprompter\ App
    builtin-Swift-Compilation -- /Applications/Xcode.app/Contents/Developer/Toolchains/XcodeDefault.xctoolchain/usr/bin/swiftc -module-name TeleprompterApp -Onone -enforce-exclusivity\=checked @/Users/sulemanimdad/Library/Developer/Xcode/DerivedData/TeleprompterApp-curlcjzemddgqzdjliyhfaitqmwx/Build/Intermediates.noindex/TeleprompterApp.build/Debug-iphoneos/TeleprompterApp.build/Objects-normal/arm64/TeleprompterApp.SwiftFileList -DDEBUG -enable-bare-slash-regex -enable-experimental-feature DebugDescriptionMacro -sdk /Applications/Xcode.app/Contents/Developer/Platforms/iPhoneOS.platform/Developer/SDKs/iPhoneOS26.2.sdk -target arm64-apple-ios17.0 -g -module-cache-path /Users/sulemanimdad/Library/Developer/Xcode/DerivedData/ModuleCache.noindex -Xfrontend -serialize-debugging-options -enable-testing -index-store-path /Users/sulemanimdad/Library/Developer/Xcode/DerivedData/TeleprompterApp-curlcjzemddgqzdjliyhfaitqmwx/Index.noindex/DataStore -Xcc -D_LIBCPP_HARDENING_MODE\=_LIBCPP_HARDENING_MODE_DEBUG -swift-version 5 -I /Users/sulemanimdad/Library/Developer/Xcode/DerivedData/TeleprompterApp-curlcjzemddgqzdjliyhfaitqmwx/Build/Products/Debug-iphoneos -F /Users/sulemanimdad/Library/Developer/Xcode/DerivedData/TeleprompterApp-curlcjzemddgqzdjliyhfaitqmwx/Build/Products/Debug-iphoneos -emit-localized-strings -emit-localized-strings-path /Users/sulemanimdad/Library/Developer/Xcode/DerivedData/TeleprompterApp-curlcjzemddgqzdjliyhfaitqmwx/Build/Intermediates.noindex/TeleprompterApp.build/Debug-iphoneos/TeleprompterApp.build/Objects-normal/arm64 -c -j10 -enable-batch-mode -incremental -Xcc -ivfsstatcache -Xcc /Users/sulemanimdad/Library/Developer/Xcode/DerivedData/SDKStatCaches.noindex/iphoneos26.2-23C53-3794476bd08197c3e2abd9bb477ef7f7.sdkstatcache -output-file-map /Users/sulemanimdad/Library/Developer/Xcode/DerivedData/TeleprompterApp-curlcjzemddgqzdjliyhfaitqmwx/Build/Intermediates.noindex/TeleprompterApp.build/Debug-iphoneos/TeleprompterApp.build/Objects-normal/arm64/TeleprompterApp-OutputFileMap.json -use-frontend-parseable-output -save-temps -no-color-diagnostics -explicit-module-build -module-cache-path /Users/sulemanimdad/Library/Developer/Xcode/DerivedData/TeleprompterApp-curlcjzemddgqzdjliyhfaitqmwx/Build/Intermediates.noindex/SwiftExplicitPrecompiledModules -clang-scanner-module-cache-path /Users/sulemanimdad/Library/Developer/Xcode/DerivedData/ModuleCache.noindex -sdk-module-cache-path /Users/sulemanimdad/Library/Developer/Xcode/DerivedData/ModuleCache.noindex -serialize-diagnostics -emit-dependencies -emit-module -emit-module-path /Users/sulemanimdad/Library/Developer/Xcode/DerivedData/TeleprompterApp-curlcjzemddgqzdjliyhfaitqmwx/Build/Intermediates.noindex/TeleprompterApp.build/Debug-iphoneos/TeleprompterApp.build/Objects-normal/arm64/TeleprompterApp.swiftmodule -validate-clang-modules-once -clang-build-session-file /Users/sulemanimdad/Library/Developer/Xcode/DerivedData/ModuleCache.noindex/Session.modulevalidation -Xcc -I/Users/sulemanimdad/Library/Developer/Xcode/DerivedData/TeleprompterApp-curlcjzemddgqzdjliyhfaitqmwx/Build/Intermediates.noindex/TeleprompterApp.build/Debug-iphoneos/TeleprompterApp.build/swift-overrides.hmap -emit-const-values -Xfrontend -const-gather-protocols-file -Xfrontend /Users/sulemanimdad/Library/Developer/Xcode/DerivedData/TeleprompterApp-curlcjzemddgqzdjliyhfaitqmwx/Build/Intermediates.noindex/TeleprompterApp.build/Debug-iphoneos/TeleprompterApp.build/Objects-normal/arm64/TeleprompterApp_const_extract_protocols.json -Xcc -iquote -Xcc /Users/sulemanimdad/Library/Developer/Xcode/DerivedData/TeleprompterApp-curlcjzemddgqzdjliyhfaitqmwx/Build/Intermediates.noindex/TeleprompterApp.build/Debug-iphoneos/TeleprompterApp.build/TeleprompterApp-generated-files.hmap -Xcc -I/Users/sulemanimdad/Library/Developer/Xcode/DerivedData/TeleprompterApp-curlcjzemddgqzdjliyhfaitqmwx/Build/Intermediates.noindex/TeleprompterApp.build/Debug-iphoneos/TeleprompterApp.build/TeleprompterApp-own-target-headers.hmap -Xcc -I/Users/sulemanimdad/Library/Developer/Xcode/DerivedData/TeleprompterApp-curlcjzemddgqzdjliyhfaitqmwx/Build/Intermediates.noindex/TeleprompterApp.build/Debug-iphoneos/TeleprompterApp.build/TeleprompterApp-all-target-headers.hmap -Xcc -iquote -Xcc /Users/sulemanimdad/Library/Developer/Xcode/DerivedData/TeleprompterApp-curlcjzemddgqzdjliyhfaitqmwx/Build/Intermediates.noindex/TeleprompterApp.build/Debug-iphoneos/TeleprompterApp.build/TeleprompterApp-project-headers.hmap -Xcc -I/Users/sulemanimdad/Library/Developer/Xcode/DerivedData/TeleprompterApp-curlcjzemddgqzdjliyhfaitqmwx/Build/Products/Debug-iphoneos/include -Xcc -I/Users/sulemanimdad/Library/Developer/Xcode/DerivedData/TeleprompterApp-curlcjzemddgqzdjliyhfaitqmwx/Build/Intermediates.noindex/TeleprompterApp.build/Debug-iphoneos/TeleprompterApp.build/DerivedSources-normal/arm64 -Xcc -I/Users/sulemanimdad/Library/Developer/Xcode/DerivedData/TeleprompterApp-curlcjzemddgqzdjliyhfaitqmwx/Build/Intermediates.noindex/TeleprompterApp.build/Debug-iphoneos/TeleprompterApp.build/DerivedSources/arm64 -Xcc -I/Users/sulemanimdad/Library/Developer/Xcode/DerivedData/TeleprompterApp-curlcjzemddgqzdjliyhfaitqmwx/Build/Intermediates.noindex/TeleprompterApp.build/Debug-iphoneos/TeleprompterApp.build/DerivedSources -Xcc -DDEBUG\=1 -emit-objc-header -emit-objc-header-path /Users/sulemanimdad/Library/Developer/Xcode/DerivedData/TeleprompterApp-curlcjzemddgqzdjliyhfaitqmwx/Build/Intermediates.noindex/TeleprompterApp.build/Debug-iphoneos/TeleprompterApp.build/Objects-normal/arm64/TeleprompterApp-Swift.h -working-directory /Users/sulemanimdad/Documents/Developer/theman/Teleprompter\ App -experimental-emit-module-separately -disable-cmo

Ld /Users/sulemanimdad/Library/Developer/Xcode/DerivedData/TeleprompterApp-curlcjzemddgqzdjliyhfaitqmwx/Build/Products/Debug-iphoneos/TeleprompterApp.app/TeleprompterApp.debug.dylib normal (in target 'TeleprompterApp' from project 'TeleprompterApp')
    cd /Users/sulemanimdad/Documents/Developer/theman/Teleprompter\ App
    /Applications/Xcode.app/Contents/Developer/Toolchains/XcodeDefault.xctoolchain/usr/bin/clang -Xlinker -reproducible -target arm64-apple-ios17.0 -dynamiclib -isysroot /Applications/Xcode.app/Contents/Developer/Platforms/iPhoneOS.platform/Developer/SDKs/iPhoneOS26.2.sdk -O0 -L/Users/sulemanimdad/Library/Developer/Xcode/DerivedData/TeleprompterApp-curlcjzemddgqzdjliyhfaitqmwx/Build/Intermediates.noindex/EagerLinkingTBDs/Debug-iphoneos -L/Users/sulemanimdad/Library/Developer/Xcode/DerivedData/TeleprompterApp-curlcjzemddgqzdjliyhfaitqmwx/Build/Products/Debug-iphoneos -F/Users/sulemanimdad/Library/Developer/Xcode/DerivedData/TeleprompterApp-curlcjzemddgqzdjliyhfaitqmwx/Build/Intermediates.noindex/EagerLinkingTBDs/Debug-iphoneos -F/Users/sulemanimdad/Library/Developer/Xcode/DerivedData/TeleprompterApp-curlcjzemddgqzdjliyhfaitqmwx/Build/Products/Debug-iphoneos -filelist /Users/sulemanimdad/Library/Developer/Xcode/DerivedData/TeleprompterApp-curlcjzemddgqzdjliyhfaitqmwx/Build/Intermediates.noindex/TeleprompterApp.build/Debug-iphoneos/TeleprompterApp.build/Objects-normal/arm64/TeleprompterApp.LinkFileList -install_name @rpath/TeleprompterApp.debug.dylib -Xlinker -rpath -Xlinker /usr/lib/swift -Xlinker -rpath -Xlinker @executable_path/Frameworks -dead_strip -Xlinker -object_path_lto -Xlinker /Users/sulemanimdad/Library/Developer/Xcode/DerivedData/TeleprompterApp-curlcjzemddgqzdjliyhfaitqmwx/Build/Intermediates.noindex/TeleprompterApp.build/Debug-iphoneos/TeleprompterApp.build/Objects-normal/arm64/TeleprompterApp_lto.o -rdynamic -Xlinker -no_deduplicate -Xlinker -dependency_info -Xlinker /Users/sulemanimdad/Library/Developer/Xcode/DerivedData/TeleprompterApp-curlcjzemddgqzdjliyhfaitqmwx/Build/Intermediates.noindex/TeleprompterApp.build/Debug-iphoneos/TeleprompterApp.build/Objects-normal/arm64/TeleprompterApp_dependency_info.dat -fobjc-link-runtime -L/Applications/Xcode.app/Contents/Developer/Toolchains/XcodeDefault.xctoolchain/usr/lib/swift/iphoneos -L/usr/lib/swift -Xlinker -add_ast_path -Xlinker /Users/sulemanimdad/Library/Developer/Xcode/DerivedData/TeleprompterApp-curlcjzemddgqzdjliyhfaitqmwx/Build/Intermediates.noindex/TeleprompterApp.build/Debug-iphoneos/TeleprompterApp.build/Objects-normal/arm64/TeleprompterApp.swiftmodule @/Users/sulemanimdad/Library/Developer/Xcode/DerivedData/TeleprompterApp-curlcjzemddgqzdjliyhfaitqmwx/Build/Intermediates.noindex/TeleprompterApp.build/Debug-iphoneos/TeleprompterApp.build/Objects-normal/arm64/TeleprompterApp-linker-args.resp -Xlinker -alias -Xlinker _main -Xlinker ___debug_main_executable_dylib_entry_point -o /Users/sulemanimdad/Library/Developer/Xcode/DerivedData/TeleprompterApp-curlcjzemddgqzdjliyhfaitqmwx/Build/Products/Debug-iphoneos/TeleprompterApp.app/TeleprompterApp.debug.dylib

ConstructStubExecutorLinkFileList /Users/sulemanimdad/Library/Developer/Xcode/DerivedData/TeleprompterApp-curlcjzemddgqzdjliyhfaitqmwx/Build/Intermediates.noindex/TeleprompterApp.build/Debug-iphoneos/TeleprompterApp.build/TeleprompterApp-ExecutorLinkFileList-normal-arm64.txt (in target 'TeleprompterApp' from project 'TeleprompterApp')
    cd /Users/sulemanimdad/Documents/Developer/theman/Teleprompter\ App
    construct-stub-executor-link-file-list /Users/sulemanimdad/Library/Developer/Xcode/DerivedData/TeleprompterApp-curlcjzemddgqzdjliyhfaitqmwx/Build/Products/Debug-iphoneos/TeleprompterApp.app/TeleprompterApp.debug.dylib /Applications/Xcode.app/Contents/Developer/Platforms/iPhoneOS.platform/Developer/usr/lib/libPreviewsJITStubExecutor_no_swift_entry_point.a /Applications/Xcode.app/Contents/Developer/Platforms/iPhoneOS.platform/Developer/usr/lib/libPreviewsJITStubExecutor.a --output /Users/sulemanimdad/Library/Developer/Xcode/DerivedData/TeleprompterApp-curlcjzemddgqzdjliyhfaitqmwx/Build/Intermediates.noindex/TeleprompterApp.build/Debug-iphoneos/TeleprompterApp.build/TeleprompterApp-ExecutorLinkFileList-normal-arm64.txt
note: Using stub executor library with Swift entry point. (in target 'TeleprompterApp' from project 'TeleprompterApp')

Ld /Users/sulemanimdad/Library/Developer/Xcode/DerivedData/TeleprompterApp-curlcjzemddgqzdjliyhfaitqmwx/Build/Products/Debug-iphoneos/TeleprompterApp.app/TeleprompterApp normal (in target 'TeleprompterApp' from project 'TeleprompterApp')
    cd /Users/sulemanimdad/Documents/Developer/theman/Teleprompter\ App
    /Applications/Xcode.app/Contents/Developer/Toolchains/XcodeDefault.xctoolchain/usr/bin/clang -Xlinker -reproducible -target arm64-apple-ios17.0 -isysroot /Applications/Xcode.app/Contents/Developer/Platforms/iPhoneOS.platform/Developer/SDKs/iPhoneOS26.2.sdk -O0 -L/Users/sulemanimdad/Library/Developer/Xcode/DerivedData/TeleprompterApp-curlcjzemddgqzdjliyhfaitqmwx/Build/Products/Debug-iphoneos -F/Users/sulemanimdad/Library/Developer/Xcode/DerivedData/TeleprompterApp-curlcjzemddgqzdjliyhfaitqmwx/Build/Products/Debug-iphoneos -Xlinker -rpath -Xlinker @executable_path -Xlinker -rpath -Xlinker @executable_path/Frameworks -rdynamic -Xlinker -no_deduplicate -e ___debug_blank_executor_main -Xlinker -sectcreate -Xlinker __TEXT -Xlinker __debug_dylib -Xlinker /Users/sulemanimdad/Library/Developer/Xcode/DerivedData/TeleprompterApp-curlcjzemddgqzdjliyhfaitqmwx/Build/Intermediates.noindex/TeleprompterApp.build/Debug-iphoneos/TeleprompterApp.build/TeleprompterApp-DebugDylibPath-normal-arm64.txt -Xlinker -sectcreate -Xlinker __TEXT -Xlinker __debug_instlnm -Xlinker /Users/sulemanimdad/Library/Developer/Xcode/DerivedData/TeleprompterApp-curlcjzemddgqzdjliyhfaitqmwx/Build/Intermediates.noindex/TeleprompterApp.build/Debug-iphoneos/TeleprompterApp.build/TeleprompterApp-DebugDylibInstallName-normal-arm64.txt -Xlinker -filelist -Xlinker /Users/sulemanimdad/Library/Developer/Xcode/DerivedData/TeleprompterApp-curlcjzemddgqzdjliyhfaitqmwx/Build/Intermediates.noindex/TeleprompterApp.build/Debug-iphoneos/TeleprompterApp.build/TeleprompterApp-ExecutorLinkFileList-normal-arm64.txt /Users/sulemanimdad/Library/Developer/Xcode/DerivedData/TeleprompterApp-curlcjzemddgqzdjliyhfaitqmwx/Build/Products/Debug-iphoneos/TeleprompterApp.app/TeleprompterApp.debug.dylib -o /Users/sulemanimdad/Library/Developer/Xcode/DerivedData/TeleprompterApp-curlcjzemddgqzdjliyhfaitqmwx/Build/Products/Debug-iphoneos/TeleprompterApp.app/TeleprompterApp

LinkAssetCatalog /Users/sulemanimdad/Documents/Developer/theman/Teleprompter\ App/TeleprompterApp/Resources/Assets.xcassets (in target 'TeleprompterApp' from project 'TeleprompterApp')
    cd /Users/sulemanimdad/Documents/Developer/theman/Teleprompter\ App
    builtin-linkAssetCatalog --thinned /Users/sulemanimdad/Library/Developer/Xcode/DerivedData/TeleprompterApp-curlcjzemddgqzdjliyhfaitqmwx/Build/Intermediates.noindex/TeleprompterApp.build/Debug-iphoneos/TeleprompterApp.build/assetcatalog_output/thinned --thinned-dependencies /Users/sulemanimdad/Library/Developer/Xcode/DerivedData/TeleprompterApp-curlcjzemddgqzdjliyhfaitqmwx/Build/Intermediates.noindex/TeleprompterApp.build/Debug-iphoneos/TeleprompterApp.build/assetcatalog_dependencies_thinned --thinned-info-plist-content /Users/sulemanimdad/Library/Developer/Xcode/DerivedData/TeleprompterApp-curlcjzemddgqzdjliyhfaitqmwx/Build/Intermediates.noindex/TeleprompterApp.build/Debug-iphoneos/TeleprompterApp.build/assetcatalog_generated_info.plist_thinned --unthinned /Users/sulemanimdad/Library/Developer/Xcode/DerivedData/TeleprompterApp-curlcjzemddgqzdjliyhfaitqmwx/Build/Intermediates.noindex/TeleprompterApp.build/Debug-iphoneos/TeleprompterApp.build/assetcatalog_output/unthinned --unthinned-dependencies /Users/sulemanimdad/Library/Developer/Xcode/DerivedData/TeleprompterApp-curlcjzemddgqzdjliyhfaitqmwx/Build/Intermediates.noindex/TeleprompterApp.build/Debug-iphoneos/TeleprompterApp.build/assetcatalog_dependencies_unthinned --unthinned-info-plist-content /Users/sulemanimdad/Library/Developer/Xcode/DerivedData/TeleprompterApp-curlcjzemddgqzdjliyhfaitqmwx/Build/Intermediates.noindex/TeleprompterApp.build/Debug-iphoneos/TeleprompterApp.build/assetcatalog_generated_info.plist_unthinned --output /Users/sulemanimdad/Library/Developer/Xcode/DerivedData/TeleprompterApp-curlcjzemddgqzdjliyhfaitqmwx/Build/Products/Debug-iphoneos/TeleprompterApp.app --plist-output /Users/sulemanimdad/Library/Developer/Xcode/DerivedData/TeleprompterApp-curlcjzemddgqzdjliyhfaitqmwx/Build/Intermediates.noindex/TeleprompterApp.build/Debug-iphoneos/TeleprompterApp.build/assetcatalog_generated_info.plist
note: Emplaced /Users/sulemanimdad/Library/Developer/Xcode/DerivedData/TeleprompterApp-curlcjzemddgqzdjliyhfaitqmwx/Build/Products/Debug-iphoneos/TeleprompterApp.app/AppIcon76x76@2x~ipad.png (in target 'TeleprompterApp' from project 'TeleprompterApp')
note: Emplaced /Users/sulemanimdad/Library/Developer/Xcode/DerivedData/TeleprompterApp-curlcjzemddgqzdjliyhfaitqmwx/Build/Products/Debug-iphoneos/TeleprompterApp.app/AppIcon60x60@2x.png (in target 'TeleprompterApp' from project 'TeleprompterApp')
note: Emplaced /Users/sulemanimdad/Library/Developer/Xcode/DerivedData/TeleprompterApp-curlcjzemddgqzdjliyhfaitqmwx/Build/Products/Debug-iphoneos/TeleprompterApp.app/Assets.car (in target 'TeleprompterApp' from project 'TeleprompterApp')

ProcessInfoPlistFile /Users/sulemanimdad/Library/Developer/Xcode/DerivedData/TeleprompterApp-curlcjzemddgqzdjliyhfaitqmwx/Build/Products/Debug-iphoneos/TeleprompterApp.app/Info.plist /Users/sulemanimdad/Documents/Developer/theman/Teleprompter\ App/TeleprompterApp/Resources/Info.plist (in target 'TeleprompterApp' from project 'TeleprompterApp')
    cd /Users/sulemanimdad/Documents/Developer/theman/Teleprompter\ App
    builtin-infoPlistUtility /Users/sulemanimdad/Documents/Developer/theman/Teleprompter\ App/TeleprompterApp/Resources/Info.plist -producttype com.apple.product-type.application -genpkginfo /Users/sulemanimdad/Library/Developer/Xcode/DerivedData/TeleprompterApp-curlcjzemddgqzdjliyhfaitqmwx/Build/Products/Debug-iphoneos/TeleprompterApp.app/PkgInfo -expandbuildsettings -format binary -platform iphoneos -additionalcontentfile /Users/sulemanimdad/Library/Developer/Xcode/DerivedData/TeleprompterApp-curlcjzemddgqzdjliyhfaitqmwx/Build/Intermediates.noindex/TeleprompterApp.build/Debug-iphoneos/TeleprompterApp.build/assetcatalog_generated_info.plist -requiredArchitecture arm64 -o /Users/sulemanimdad/Library/Developer/Xcode/DerivedData/TeleprompterApp-curlcjzemddgqzdjliyhfaitqmwx/Build/Products/Debug-iphoneos/TeleprompterApp.app/Info.plist

CopySwiftLibs /Users/sulemanimdad/Library/Developer/Xcode/DerivedData/TeleprompterApp-curlcjzemddgqzdjliyhfaitqmwx/Build/Products/Debug-iphoneos/TeleprompterApp.app (in target 'TeleprompterApp' from project 'TeleprompterApp')
    cd /Users/sulemanimdad/Documents/Developer/theman/Teleprompter\ App
    builtin-swiftStdLibTool --copy --verbose --scan-executable /Users/sulemanimdad/Library/Developer/Xcode/DerivedData/TeleprompterApp-curlcjzemddgqzdjliyhfaitqmwx/Build/Products/Debug-iphoneos/TeleprompterApp.app/TeleprompterApp.debug.dylib --scan-folder /Users/sulemanimdad/Library/Developer/Xcode/DerivedData/TeleprompterApp-curlcjzemddgqzdjliyhfaitqmwx/Build/Products/Debug-iphoneos/TeleprompterApp.app/Frameworks --scan-folder /Users/sulemanimdad/Library/Developer/Xcode/DerivedData/TeleprompterApp-curlcjzemddgqzdjliyhfaitqmwx/Build/Products/Debug-iphoneos/TeleprompterApp.app/PlugIns --scan-folder /Users/sulemanimdad/Library/Developer/Xcode/DerivedData/TeleprompterApp-curlcjzemddgqzdjliyhfaitqmwx/Build/Products/Debug-iphoneos/TeleprompterApp.app/SystemExtensions --scan-folder /Users/sulemanimdad/Library/Developer/Xcode/DerivedData/TeleprompterApp-curlcjzemddgqzdjliyhfaitqmwx/Build/Products/Debug-iphoneos/TeleprompterApp.app/Extensions --platform iphoneos --toolchain /Applications/Xcode.app/Contents/Developer/Toolchains/XcodeDefault.xctoolchain --destination /Users/sulemanimdad/Library/Developer/Xcode/DerivedData/TeleprompterApp-curlcjzemddgqzdjliyhfaitqmwx/Build/Products/Debug-iphoneos/TeleprompterApp.app/Frameworks --strip-bitcode --strip-bitcode-tool /Applications/Xcode.app/Contents/Developer/Toolchains/XcodeDefault.xctoolchain/usr/bin/bitcode_strip --emit-dependency-info /Users/sulemanimdad/Library/Developer/Xcode/DerivedData/TeleprompterApp-curlcjzemddgqzdjliyhfaitqmwx/Build/Intermediates.noindex/TeleprompterApp.build/Debug-iphoneos/TeleprompterApp.build/SwiftStdLibToolInputDependencies.dep --filter-for-swift-os --back-deploy-swift-span
Ignoring --strip-bitcode because --sign was not passed

ExtractAppIntentsMetadata (in target 'TeleprompterApp' from project 'TeleprompterApp')
    cd /Users/sulemanimdad/Documents/Developer/theman/Teleprompter\ App
    /Applications/Xcode.app/Contents/Developer/Toolchains/XcodeDefault.xctoolchain/usr/bin/appintentsmetadataprocessor --toolchain-dir /Applications/Xcode.app/Contents/Developer/Toolchains/XcodeDefault.xctoolchain --module-name TeleprompterApp --sdk-root /Applications/Xcode.app/Contents/Developer/Platforms/iPhoneOS.platform/Developer/SDKs/iPhoneOS26.2.sdk --xcode-version 17C52 --platform-family iOS --deployment-target 17.0 --bundle-identifier com.teleprompter1900.app --output /Users/sulemanimdad/Library/Developer/Xcode/DerivedData/TeleprompterApp-curlcjzemddgqzdjliyhfaitqmwx/Build/Products/Debug-iphoneos/TeleprompterApp.app --target-triple arm64-apple-ios17.0 --binary-file /Users/sulemanimdad/Library/Developer/Xcode/DerivedData/TeleprompterApp-curlcjzemddgqzdjliyhfaitqmwx/Build/Products/Debug-iphoneos/TeleprompterApp.app/TeleprompterApp --dependency-file /Users/sulemanimdad/Library/Developer/Xcode/DerivedData/TeleprompterApp-curlcjzemddgqzdjliyhfaitqmwx/Build/Intermediates.noindex/TeleprompterApp.build/Debug-iphoneos/TeleprompterApp.build/Objects-normal/arm64/TeleprompterApp_dependency_info.dat --stringsdata-file /Users/sulemanimdad/Library/Developer/Xcode/DerivedData/TeleprompterApp-curlcjzemddgqzdjliyhfaitqmwx/Build/Intermediates.noindex/TeleprompterApp.build/Debug-iphoneos/TeleprompterApp.build/Objects-normal/arm64/ExtractedAppShortcutsMetadata.stringsdata --source-file-list /Users/sulemanimdad/Library/Developer/Xcode/DerivedData/TeleprompterApp-curlcjzemddgqzdjliyhfaitqmwx/Build/Intermediates.noindex/TeleprompterApp.build/Debug-iphoneos/TeleprompterApp.build/Objects-normal/arm64/TeleprompterApp.SwiftFileList --metadata-file-list /Users/sulemanimdad/Library/Developer/Xcode/DerivedData/TeleprompterApp-curlcjzemddgqzdjliyhfaitqmwx/Build/Intermediates.noindex/TeleprompterApp.build/Debug-iphoneos/TeleprompterApp.build/TeleprompterApp.DependencyMetadataFileList --static-metadata-file-list /Users/sulemanimdad/Library/Developer/Xcode/DerivedData/TeleprompterApp-curlcjzemddgqzdjliyhfaitqmwx/Build/Intermediates.noindex/TeleprompterApp.build/Debug-iphoneos/TeleprompterApp.build/TeleprompterApp.DependencyStaticMetadataFileList --swift-const-vals-list /Users/sulemanimdad/Library/Developer/Xcode/DerivedData/TeleprompterApp-curlcjzemddgqzdjliyhfaitqmwx/Build/Intermediates.noindex/TeleprompterApp.build/Debug-iphoneos/TeleprompterApp.build/Objects-normal/arm64/TeleprompterApp.SwiftConstValuesFileList --compile-time-extraction --deployment-aware-processing --validate-assistant-intents --no-app-shortcuts-localization
2026-01-10 15:29:23.469 appintentsmetadataprocessor[46737:62425860] Starting appintentsmetadataprocessor export
2026-01-10 15:29:23.471 appintentsmetadataprocessor[46737:62425860] warning: Metadata extraction skipped. No AppIntents.framework dependency found.

Validate /Users/sulemanimdad/Library/Developer/Xcode/DerivedData/TeleprompterApp-curlcjzemddgqzdjliyhfaitqmwx/Build/Products/Debug-iphoneos/TeleprompterApp.app (in target 'TeleprompterApp' from project 'TeleprompterApp')
    cd /Users/sulemanimdad/Documents/Developer/theman/Teleprompter\ App
    builtin-validationUtility /Users/sulemanimdad/Library/Developer/Xcode/DerivedData/TeleprompterApp-curlcjzemddgqzdjliyhfaitqmwx/Build/Products/Debug-iphoneos/TeleprompterApp.app -shallow-bundle -infoplist-subpath Info.plist

note: Removed stale file '/Users/sulemanimdad/Library/Developer/Xcode/DerivedData/TeleprompterApp-curlcjzemddgqzdjliyhfaitqmwx/Build/Intermediates.noindex/TeleprompterApp.build/Debug-iphoneos/TeleprompterApp.build/DerivedSources/Entitlements.plist'

note: Removed stale file '/Users/sulemanimdad/Library/Developer/Xcode/DerivedData/TeleprompterApp-curlcjzemddgqzdjliyhfaitqmwx/Build/Intermediates.noindex/TeleprompterApp.build/Debug-iphoneos/TeleprompterApp.build/TeleprompterApp.app.xcent'

note: Removed stale file '/Users/sulemanimdad/Library/Developer/Xcode/DerivedData/TeleprompterApp-curlcjzemddgqzdjliyhfaitqmwx/Build/Intermediates.noindex/TeleprompterApp.build/Debug-iphoneos/TeleprompterApp.build/TeleprompterApp.app.xcent.der'

note: Removed stale file '/Users/sulemanimdad/Library/Developer/Xcode/DerivedData/TeleprompterApp-curlcjzemddgqzdjliyhfaitqmwx/Build/Products/Debug-iphoneos/TeleprompterApp.app/_CodeSignature'

note: Removed stale file '/Users/sulemanimdad/Library/Developer/Xcode/DerivedData/TeleprompterApp-curlcjzemddgqzdjliyhfaitqmwx/Build/Products/Debug-iphoneos/TeleprompterApp.app/embedded.mobileprovision'

** BUILD SUCCEEDED **

